2026-04-28 14:10:19.368 +07:00 [WRN] The query uses the 'First'/'FirstOrDefault' operator without 'OrderBy' and filter operators. This may lead to unpredictable results.
2026-04-28 14:11:24.025 +07:00 [WRN] Failed to determine the https port for redirect.
2026-04-28 14:11:24.033 +07:00 [INF] HTTP OPTIONS /api/auth/login responded 204 in 3.0596 ms
2026-04-28 14:11:24.256 +07:00 [INF] POST /api/auth/login — Email: admin@hotel.com
2026-04-28 14:11:24.581 +07:00 [INF] User 'admin' logged in.
2026-04-28 14:11:24.613 +07:00 [INF] HTTP POST /api/auth/login responded 200 in 565.9790 ms
2026-04-28 14:11:24.618 +07:00 [INF] HTTP OPTIONS /api/session/runtime-id responded 204 in 0.2869 ms
2026-04-28 14:11:24.666 +07:00 [INF] HTTP GET /api/session/runtime-id responded 200 in 44.5242 ms
2026-04-28 14:11:24.710 +07:00 [INF] HTTP OPTIONS /api/rooms responded 204 in 0.0901 ms
2026-04-28 14:11:24.762 +07:00 [INF] HTTP OPTIONS /hubs/room/negotiate responded 204 in 0.3380 ms
2026-04-28 14:11:24.762 +07:00 [INF] HTTP OPTIONS /hubs/room/negotiate responded 204 in 0.0546 ms
2026-04-28 14:11:24.780 +07:00 [INF] HTTP POST /hubs/room/negotiate responded 200 in 12.6077 ms
2026-04-28 14:11:24.780 +07:00 [INF] HTTP POST /hubs/room/negotiate responded 200 in 14.3077 ms
2026-04-28 14:11:24.813 +07:00 [INF] SignalR Connected: UserId=1, Role=, ConnId=_tXj_OI-Fw3BJ-lCmBJk8A
2026-04-28 14:11:24.819 +07:00 [INF] SignalR Connected: UserId=1, Role=, ConnId=3xa-IUWTlBgU79Ua4kU8IA
2026-04-28 14:11:24.908 +07:00 [INF] HTTP GET /api/rooms responded 200 in 193.3548 ms
2026-04-28 14:11:32.865 +07:00 [INF] HTTP OPTIONS /api/rateplans responded 204 in 0.2351 ms
2026-04-28 14:11:32.925 +07:00 [INF] HTTP GET /api/rateplans responded 200 in 55.9705 ms
2026-04-28 14:11:34.819 +07:00 [INF] HTTP OPTIONS /api/payments responded 204 in 0.0919 ms
2026-04-28 14:11:34.994 +07:00 [INF] HTTP GET /api/payments responded 200 in 170.5685 ms
2026-04-28 14:11:44.276 +07:00 [INF] HTTP OPTIONS /api/housekeeping responded 204 in 0.2742 ms
2026-04-28 14:11:44.366 +07:00 [INF] HTTP GET /api/housekeeping responded 200 in 86.1374 ms
2026-04-28 14:11:45.179 +07:00 [INF] HTTP OPTIONS /api/bookings responded 204 in 0.1320 ms
2026-04-28 14:11:45.231 +07:00 [INF] GET /api/bookings — Page: 1, Filter: {"GuestName":null,"Status":null,"CheckInFrom":null,"CheckInTo":null,"Page":1,"PageSize":20,"$type":"BookingFilterDto"}
2026-04-28 14:11:45.324 +07:00 [INF] HTTP GET /api/bookings responded 200 in 141.7574 ms
2026-04-28 14:11:45.952 +07:00 [INF] HTTP OPTIONS /api/rooms responded 204 in 0.1066 ms
2026-04-28 14:11:45.970 +07:00 [INF] HTTP GET /api/rooms responded 200 in 13.4119 ms
2026-04-28 14:11:49.533 +07:00 [INF] GET /api/bookings — Page: 1, Filter: {"GuestName":null,"Status":null,"CheckInFrom":null,"CheckInTo":null,"Page":1,"PageSize":20,"$type":"BookingFilterDto"}
2026-04-28 14:11:49.543 +07:00 [INF] HTTP GET /api/bookings responded 200 in 21.6830 ms
2026-04-28 14:11:52.688 +07:00 [INF] HTTP OPTIONS /api/housekeeping responded 204 in 0.0709 ms
2026-04-28 14:11:52.703 +07:00 [INF] HTTP GET /api/housekeeping responded 200 in 11.0577 ms
2026-04-28 14:11:54.862 +07:00 [INF] HTTP OPTIONS /api/housekeeping/1/status responded 204 in 0.1587 ms
2026-04-28 14:11:54.866 +07:00 [INF] HTTP PATCH /api/housekeeping/1/status responded 405 in 0.3051 ms
2026-04-28 14:15:43.897 +07:00 [INF] HTTP OPTIONS /api/housekeeping responded 204 in 0.1032 ms
2026-04-28 14:15:43.927 +07:00 [INF] HTTP GET /api/housekeeping responded 200 in 25.8923 ms
2026-04-28 14:15:51.261 +07:00 [INF] HTTP OPTIONS /api/payments responded 204 in 0.1453 ms
2026-04-28 14:15:51.282 +07:00 [INF] HTTP GET /api/payments responded 200 in 17.0527 ms
2026-04-28 14:15:53.207 +07:00 [INF] HTTP GET /api/payments responded 200 in 16.2136 ms
2026-04-28 14:15:55.243 +07:00 [INF] HTTP GET /api/payments responded 200 in 10.6981 ms
2026-04-28 14:15:58.424 +07:00 [INF] HTTP OPTIONS /api/payments responded 204 in 0.0779 ms
2026-04-28 14:15:58.439 +07:00 [INF] HTTP GET /api/payments responded 200 in 11.6772 ms
2026-04-28 14:16:12.479 +07:00 [INF] HTTP OPTIONS /api/payments/2/status responded 204 in 0.0810 ms
2026-04-28 14:16:12.581 +07:00 [INF] HTTP PUT /api/payments/2/status responded 200 in 98.8651 ms
2026-04-28 14:16:12.590 +07:00 [INF] HTTP OPTIONS /api/payments responded 204 in 0.0502 ms
2026-04-28 14:16:12.606 +07:00 [INF] HTTP GET /api/payments responded 200 in 13.9003 ms
2026-04-28 14:16:15.054 +07:00 [INF] HTTP PUT /api/payments/2/status responded 200 in 15.5774 ms
2026-04-28 14:16:15.069 +07:00 [INF] HTTP GET /api/payments responded 200 in 9.8291 ms
2026-04-28 14:16:21.082 +07:00 [INF] HTTP OPTIONS /api/housekeeping responded 204 in 0.0585 ms
2026-04-28 14:16:21.099 +07:00 [INF] HTTP GET /api/housekeeping responded 200 in 12.1884 ms
2026-04-28 14:16:21.837 +07:00 [INF] HTTP OPTIONS /api/bookings responded 204 in 0.1183 ms
2026-04-28 14:16:21.852 +07:00 [INF] GET /api/bookings — Page: 1, Filter: {"GuestName":null,"Status":null,"CheckInFrom":null,"CheckInTo":null,"Page":1,"PageSize":20,"$type":"BookingFilterDto"}
2026-04-28 14:16:21.861 +07:00 [INF] HTTP GET /api/bookings responded 200 in 21.0057 ms
2026-04-28 14:16:36.234 +07:00 [INF] HTTP OPTIONS /api/rooms responded 204 in 0.0641 ms
2026-04-28 14:16:36.249 +07:00 [INF] HTTP GET /api/rooms responded 200 in 12.0125 ms
2026-04-28 14:16:38.270 +07:00 [INF] HTTP OPTIONS /api/rooms/1 responded 204 in 0.0566 ms
2026-04-28 14:16:38.321 +07:00 [INF] HTTP GET /api/rooms/1 responded 200 in 47.3635 ms
2026-04-28 14:16:43.525 +07:00 [INF] HTTP OPTIONS /api/hotels/all responded 204 in 0.0670 ms
2026-04-28 14:16:43.527 +07:00 [INF] HTTP OPTIONS /api/room-types/hotel/1 responded 204 in 0.0383 ms
2026-04-28 14:16:43.572 +07:00 [INF] HTTP GET /api/hotels/all responded 200 in 42.1418 ms
2026-04-28 14:16:43.584 +07:00 [INF] HTTP GET /api/room-types/hotel/1 responded 200 in 53.2526 ms
2026-04-28 14:16:51.058 +07:00 [INF] HTTP OPTIONS /api/bookings responded 204 in 0.0595 ms
2026-04-28 14:16:51.070 +07:00 [INF] GET /api/bookings — Page: 1, Filter: {"GuestName":null,"Status":null,"CheckInFrom":null,"CheckInTo":null,"Page":1,"PageSize":20,"$type":"BookingFilterDto"}
2026-04-28 14:16:51.081 +07:00 [INF] HTTP GET /api/bookings responded 200 in 19.3150 ms
2026-04-28 14:17:15.630 +07:00 [INF] HTTP OPTIONS /api/housekeeping responded 204 in 0.0793 ms
2026-04-28 14:17:15.647 +07:00 [INF] HTTP GET /api/housekeeping responded 200 in 13.5959 ms
2026-04-28 14:17:17.632 +07:00 [INF] HTTP OPTIONS /api/bookings responded 204 in 0.0910 ms
2026-04-28 14:17:17.644 +07:00 [INF] GET /api/bookings — Page: 1, Filter: {"GuestName":null,"Status":null,"CheckInFrom":null,"CheckInTo":null,"Page":1,"PageSize":20,"$type":"BookingFilterDto"}
2026-04-28 14:17:17.651 +07:00 [INF] HTTP GET /api/bookings responded 200 in 15.7867 ms
2026-04-28 14:19:54.598 +07:00 [INF] HTTP OPTIONS /api/housekeeping responded 204 in 0.0699 ms
2026-04-28 14:19:54.614 +07:00 [INF] HTTP GET /api/housekeeping responded 200 in 12.7840 ms
2026-04-28 14:20:09.421 +07:00 [INF] HTTP OPTIONS /api/housekeeping/1/status responded 204 in 0.2470 ms
2026-04-28 14:20:09.424 +07:00 [INF] HTTP PATCH /api/housekeeping/1/status responded 405 in 0.3388 ms
2026-04-28 14:20:25.293 +07:00 [INF] HTTP OPTIONS /api/housekeeping responded 204 in 0.0452 ms
2026-04-28 14:20:25.303 +07:00 [INF] HTTP GET /api/housekeeping responded 200 in 7.6820 ms
2026-04-28 14:21:14.111 +07:00 [INF] HTTP OPTIONS /api/payments responded 204 in 0.0468 ms
2026-04-28 14:21:14.131 +07:00 [INF] HTTP GET /api/payments responded 200 in 16.3570 ms
2026-04-28 14:22:08.049 +07:00 [INF] HTTP OPTIONS /api/payments/2/status responded 204 in 0.1763 ms
2026-04-28 14:22:08.068 +07:00 [INF] HTTP PUT /api/payments/2/status responded 200 in 16.1923 ms
2026-04-28 14:22:08.074 +07:00 [INF] HTTP OPTIONS /api/payments responded 204 in 0.0411 ms
2026-04-28 14:22:08.087 +07:00 [INF] HTTP GET /api/payments responded 200 in 9.8294 ms
2026-04-28 14:22:09.639 +07:00 [INF] HTTP PUT /api/payments/2/status responded 200 in 14.1527 ms
2026-04-28 14:22:09.652 +07:00 [INF] HTTP GET /api/payments responded 200 in 7.9439 ms
2026-04-28 14:23:10.439 +07:00 [INF] HTTP OPTIONS /api/rateplans responded 204 in 0.0640 ms
2026-04-28 14:23:10.453 +07:00 [INF] HTTP GET /api/rateplans responded 200 in 10.3592 ms
2026-04-28 14:23:14.674 +07:00 [INF] HTTP OPTIONS /api/room-types/all responded 204 in 0.0341 ms
2026-04-28 14:23:14.707 +07:00 [INF] HTTP GET /api/room-types/all responded 200 in 30.1320 ms
2026-04-28 14:23:32.035 +07:00 [INF] HTTP OPTIONS /api/room-types/all responded 204 in 0.0354 ms
2026-04-28 14:23:32.046 +07:00 [INF] HTTP GET /api/room-types/all responded 200 in 8.3241 ms
2026-04-28 14:23:59.889 +07:00 [INF] HTTP OPTIONS /api/promotions responded 204 in 0.0563 ms
2026-04-28 14:23:59.945 +07:00 [INF] HTTP GET /api/promotions responded 200 in 52.9087 ms
2026-04-28 14:25:27.065 +07:00 [INF] HTTP OPTIONS /api/auth/register responded 204 in 0.0479 ms
2026-04-28 14:25:27.116 +07:00 [INF] HTTP POST /api/auth/register responded 400 in 46.0740 ms
2026-04-28 14:27:26.914 +07:00 [INF] SignalR Disconnected: ConnId=3xa-IUWTlBgU79Ua4kU8IA
2026-04-28 14:27:26.914 +07:00 [INF] SignalR Disconnected: ConnId=_tXj_OI-Fw3BJ-lCmBJk8A
2026-04-28 14:27:26.917 +07:00 [INF] HTTP GET /hubs/room responded 101 in 962106.3828 ms
2026-04-28 14:27:26.917 +07:00 [INF] HTTP GET /hubs/room responded 101 in 962129.2378 ms
2026-04-28 14:54:56.235 +07:00 [WRN] The query uses the 'First'/'FirstOrDefault' operator without 'OrderBy' and filter operators. This may lead to unpredictable results.
2026-04-28 14:59:50.314 +07:00 [WRN] Failed to determine the https port for redirect.
2026-04-28 14:59:50.320 +07:00 [INF] HTTP OPTIONS /api/auth/login responded 204 in 2.4964 ms
2026-04-28 14:59:50.540 +07:00 [INF] POST /api/auth/login — Email: admin@hotel.com
2026-04-28 14:59:50.875 +07:00 [INF] User 'admin' logged in.
2026-04-28 14:59:50.906 +07:00 [INF] HTTP POST /api/auth/login responded 200 in 573.5372 ms
2026-04-28 14:59:50.912 +07:00 [INF] HTTP OPTIONS /api/session/runtime-id responded 204 in 0.3357 ms
2026-04-28 14:59:50.957 +07:00 [INF] HTTP GET /api/session/runtime-id responded 200 in 42.4794 ms
2026-04-28 14:59:51.003 +07:00 [INF] HTTP OPTIONS /api/rooms responded 204 in 0.0845 ms
2026-04-28 14:59:51.063 +07:00 [INF] HTTP OPTIONS /hubs/room/negotiate responded 204 in 0.2200 ms
2026-04-28 14:59:51.064 +07:00 [INF] HTTP OPTIONS /hubs/room/negotiate responded 204 in 0.0362 ms
2026-04-28 14:59:51.077 +07:00 [INF] HTTP POST /hubs/room/negotiate responded 200 in 9.4760 ms
2026-04-28 14:59:51.077 +07:00 [INF] HTTP POST /hubs/room/negotiate responded 200 in 10.6008 ms
2026-04-28 14:59:51.116 +07:00 [INF] SignalR Connected: UserId=1, Role=, ConnId=unr55B0foz9m-_m3Ee94vg
2026-04-28 14:59:51.120 +07:00 [INF] SignalR Connected: UserId=1, Role=, ConnId=uXQ0fYhjK6EYC9a8_cUKuA
2026-04-28 14:59:51.193 +07:00 [INF] HTTP GET /api/rooms responded 200 in 186.1014 ms
2026-04-28 15:04:26.215 +07:00 [INF] HTTP OPTIONS /api/bookings responded 204 in 0.2344 ms
2026-04-28 15:04:26.274 +07:00 [INF] GET /api/bookings — Page: 1, Filter: {"GuestName":null,"Status":null,"CheckInFrom":null,"CheckInTo":null,"Page":1,"PageSize":20,"$type":"BookingFilterDto"}
2026-04-28 15:04:26.481 +07:00 [INF] HTTP GET /api/bookings responded 200 in 262.0001 ms
2026-04-28 15:04:29.004 +07:00 [INF] HTTP OPTIONS /api/bookings/6 responded 204 in 0.0981 ms
2026-04-28 15:04:29.020 +07:00 [INF] GET /api/bookings/6
2026-04-28 15:04:29.049 +07:00 [WRN] Compiling a query which loads related collections for more than one collection navigation, either via 'Include' or through projection, but no 'QuerySplittingBehavior' has been configured. By default, Entity Framework will use 'QuerySplittingBehavior.SingleQuery', which can potentially result in slow query performance. See https://go.microsoft.com/fwlink/?linkid=2134277 for more information. To identify the query that's triggering this warning call 'ConfigureWarnings(w => w.Throw(RelationalEventId.MultipleCollectionIncludeWarning))'.
2026-04-28 15:04:29.140 +07:00 [INF] HTTP GET /api/bookings/6 responded 403 in 131.6381 ms
2026-04-28 15:05:25.034 +07:00 [INF] HTTP OPTIONS /api/bookings/5 responded 204 in 0.2648 ms
2026-04-28 15:05:25.052 +07:00 [INF] GET /api/bookings/5
2026-04-28 15:05:25.064 +07:00 [INF] HTTP GET /api/bookings/5 responded 403 in 25.1242 ms
2026-04-28 15:06:01.097 +07:00 [INF] HTTP OPTIONS /api/housekeeping responded 204 in 0.1056 ms
2026-04-28 15:06:01.220 +07:00 [INF] HTTP GET /api/housekeeping responded 200 in 108.9140 ms
2026-04-28 15:06:02.474 +07:00 [INF] HTTP OPTIONS /api/housekeeping/1/status responded 204 in 0.1822 ms
2026-04-28 15:06:02.527 +07:00 [INF] HousekeepingTask #1 status: "Pending" → "InProgress" by User #1.
2026-04-28 15:06:02.551 +07:00 [INF] HTTP PUT /api/housekeeping/1/status responded 200 in 73.7785 ms
2026-04-28 15:06:05.205 +07:00 [INF] Room #2 (D102) → Available after cleaning task #1.
2026-04-28 15:06:05.228 +07:00 [INF] HousekeepingTask #1 status: "InProgress" → "Completed" by User #1.
2026-04-28 15:06:05.231 +07:00 [INF] HTTP PUT /api/housekeeping/1/status responded 200 in 36.1815 ms
2026-04-28 15:06:10.620 +07:00 [INF] HTTP OPTIONS /api/housekeeping responded 204 in 0.0784 ms
2026-04-28 15:06:10.634 +07:00 [INF] HTTP GET /api/housekeeping responded 200 in 10.7759 ms
2026-04-28 15:06:13.615 +07:00 [INF] HTTP OPTIONS /api/invoices responded 204 in 0.0992 ms
2026-04-28 15:06:13.649 +07:00 [WRN] Compiling a query which loads related collections for more than one collection navigation, either via 'Include' or through projection, but no 'QuerySplittingBehavior' has been configured. By default, Entity Framework will use 'QuerySplittingBehavior.SingleQuery', which can potentially result in slow query performance. See https://go.microsoft.com/fwlink/?linkid=2134277 for more information. To identify the query that's triggering this warning call 'ConfigureWarnings(w => w.Throw(RelationalEventId.MultipleCollectionIncludeWarning))'.
2026-04-28 15:06:13.684 +07:00 [INF] HTTP GET /api/invoices responded 200 in 65.1082 ms
2026-04-28 15:07:13.642 +07:00 [INF] HTTP OPTIONS /api/payments responded 204 in 0.0741 ms
2026-04-28 15:07:13.692 +07:00 [INF] HTTP GET /api/payments responded 200 in 46.9878 ms
2026-04-28 15:07:21.127 +07:00 [INF] HTTP OPTIONS /api/invoices responded 204 in 0.1789 ms
2026-04-28 15:07:21.147 +07:00 [INF] HTTP GET /api/invoices responded 200 in 15.3249 ms
2026-04-28 15:07:23.559 +07:00 [INF] HTTP OPTIONS /api/payments responded 204 in 0.1137 ms
2026-04-28 15:07:23.575 +07:00 [INF] HTTP GET /api/payments responded 200 in 11.6312 ms
2026-04-28 15:09:35.308 +07:00 [INF] HTTP OPTIONS /api/guests responded 204 in 0.1104 ms
2026-04-28 15:09:35.355 +07:00 [INF] HTTP GET /api/guests responded 200 in 43.5149 ms
2026-04-28 15:10:11.981 +07:00 [INF] HTTP OPTIONS /api/bookings/guest/1 responded 204 in 0.0626 ms
2026-04-28 15:10:11.994 +07:00 [INF] GET /api/bookings/guest/1
2026-04-28 15:10:12.029 +07:00 [INF] HTTP GET /api/bookings/guest/1 responded 200 in 45.0597 ms
2026-04-28 15:10:19.710 +07:00 [INF] HTTP OPTIONS /api/bookings/guest/2 responded 204 in 0.0515 ms
2026-04-28 15:10:19.722 +07:00 [INF] GET /api/bookings/guest/2
2026-04-28 15:10:19.755 +07:00 [INF] HTTP GET /api/bookings/guest/2 responded 200 in 41.6454 ms
2026-04-28 15:16:02.628 +07:00 [INF] HTTP OPTIONS /api/bookings/guest/1 responded 204 in 0.0680 ms
2026-04-28 15:16:02.643 +07:00 [INF] GET /api/bookings/guest/1
2026-04-28 15:16:02.652 +07:00 [INF] HTTP GET /api/bookings/guest/1 responded 200 in 21.2386 ms
2026-04-28 15:16:31.573 +07:00 [INF] HTTP OPTIONS /api/rateplans responded 204 in 0.0793 ms
2026-04-28 15:16:31.617 +07:00 [INF] HTTP GET /api/rateplans responded 200 in 40.6783 ms
2026-04-28 15:16:36.547 +07:00 [INF] HTTP OPTIONS /api/room-types/all responded 204 in 0.0456 ms
2026-04-28 15:16:36.583 +07:00 [INF] HTTP GET /api/room-types/all responded 200 in 31.7359 ms
2026-04-28 15:16:47.530 +07:00 [INF] HTTP OPTIONS /api/room-types/all responded 204 in 0.0518 ms
2026-04-28 15:16:47.543 +07:00 [INF] HTTP GET /api/room-types/all responded 200 in 9.9163 ms
2026-04-28 15:16:55.259 +07:00 [INF] HTTP OPTIONS /api/room-types/all responded 204 in 0.0624 ms
2026-04-28 15:16:55.271 +07:00 [INF] HTTP GET /api/room-types/all responded 200 in 8.7997 ms
2026-04-28 15:17:03.366 +07:00 [INF] HTTP OPTIONS /api/promotions responded 204 in 0.0621 ms
2026-04-28 15:17:03.425 +07:00 [INF] HTTP GET /api/promotions responded 200 in 54.4152 ms
2026-04-28 15:17:12.396 +07:00 [INF] HTTP OPTIONS /api/promotions/1 responded 204 in 0.0528 ms
2026-04-28 15:17:12.451 +07:00 [INF] HTTP PUT /api/promotions/1 responded 200 in 52.3277 ms
2026-04-28 15:17:12.550 +07:00 [INF] HTTP OPTIONS /api/promotions responded 204 in 0.0515 ms
2026-04-28 15:17:12.563 +07:00 [INF] HTTP GET /api/promotions responded 200 in 9.4444 ms
2026-04-28 15:18:51.578 +07:00 [INF] HTTP OPTIONS /api/promotions/1 responded 204 in 0.1496 ms
2026-04-28 15:18:51.594 +07:00 [INF] HTTP PUT /api/promotions/1 responded 200 in 13.0013 ms
2026-04-28 15:18:51.694 +07:00 [INF] HTTP OPTIONS /api/promotions responded 204 in 0.0508 ms
2026-04-28 15:18:51.717 +07:00 [INF] HTTP GET /api/promotions responded 200 in 19.6438 ms
2026-04-28 15:22:40.048 +07:00 [INF] HTTP OPTIONS /api/auth/register responded 204 in 0.0663 ms
2026-04-28 15:22:40.083 +07:00 [INF] HTTP POST /api/auth/register responded 400 in 31.1251 ms
2026-04-28 15:23:29.733 +07:00 [INF] SignalR Disconnected: ConnId=uXQ0fYhjK6EYC9a8_cUKuA
2026-04-28 15:23:29.734 +07:00 [INF] SignalR Disconnected: ConnId=unr55B0foz9m-_m3Ee94vg
2026-04-28 15:23:29.736 +07:00 [INF] HTTP GET /hubs/room responded 101 in 1418620.0568 ms
2026-04-28 15:23:29.736 +07:00 [INF] HTTP GET /hubs/room responded 101 in 1418640.9635 ms
2026-04-28 15:34:35.079 +07:00 [WRN] The query uses the 'First'/'FirstOrDefault' operator without 'OrderBy' and filter operators. This may lead to unpredictable results.
2026-04-28 15:39:09.216 +07:00 [WRN] Failed to determine the https port for redirect.
2026-04-28 15:39:09.223 +07:00 [INF] HTTP OPTIONS /api/auth/login responded 204 in 2.9013 ms
2026-04-28 15:39:09.427 +07:00 [INF] POST /api/auth/login — Email: admin@hotel.com
2026-04-28 15:39:09.759 +07:00 [INF] User 'admin' logged in.
2026-04-28 15:39:09.789 +07:00 [INF] HTTP POST /api/auth/login responded 200 in 555.4991 ms
2026-04-28 15:39:09.794 +07:00 [INF] HTTP OPTIONS /api/session/runtime-id responded 204 in 0.3421 ms
2026-04-28 15:39:09.843 +07:00 [INF] HTTP GET /api/session/runtime-id responded 200 in 46.2051 ms
2026-04-28 15:39:09.892 +07:00 [INF] HTTP OPTIONS /api/rooms responded 204 in 0.0691 ms
2026-04-28 15:39:09.942 +07:00 [INF] HTTP OPTIONS /hubs/room/negotiate responded 204 in 0.2186 ms
2026-04-28 15:39:09.942 +07:00 [INF] HTTP OPTIONS /hubs/room/negotiate responded 204 in 0.0429 ms
2026-04-28 15:39:09.956 +07:00 [INF] HTTP POST /hubs/room/negotiate responded 200 in 10.5817 ms
2026-04-28 15:39:09.956 +07:00 [INF] HTTP POST /hubs/room/negotiate responded 200 in 9.6555 ms
2026-04-28 15:39:09.983 +07:00 [INF] SignalR Connected: UserId=1, Role=, ConnId=i903faEmiQagUTHu7yEALw
2026-04-28 15:39:09.991 +07:00 [INF] SignalR Connected: UserId=1, Role=, ConnId=z1lBsUeCWPrq1UDb39Er3Q
2026-04-28 15:39:10.066 +07:00 [INF] HTTP GET /api/rooms responded 200 in 171.8722 ms
2026-04-28 15:40:06.042 +07:00 [INF] HTTP OPTIONS /api/hotels responded 204 in 0.2257 ms
2026-04-28 15:40:06.125 +07:00 [INF] HTTP GET /api/hotels responded 200 in 78.2526 ms
2026-04-28 15:40:09.847 +07:00 [INF] HTTP OPTIONS /api/reports/occupancy responded 204 in 0.0865 ms
2026-04-28 15:40:09.849 +07:00 [INF] HTTP OPTIONS /api/reports/revenue responded 204 in 0.1462 ms
2026-04-28 15:40:09.872 +07:00 [INF] GET /api/reports/revenue — From: "2026-04-21T00:00:00.0000000", To: "2026-04-28T00:00:00.0000000"
2026-04-28 15:40:09.873 +07:00 [INF] GET /api/reports/occupancy — From: "2026-04-28T00:00:00.0000000", To: "2026-04-28T00:00:00.0000000", Hotel: null
2026-04-28 15:40:09.909 +07:00 [INF] HTTP GET /api/reports/revenue responded 200 in 56.3844 ms
2026-04-28 15:40:09.924 +07:00 [INF] HTTP GET /api/reports/occupancy responded 200 in 72.5968 ms
2026-04-28 15:40:35.170 +07:00 [INF] HTTP OPTIONS /api/hotels responded 204 in 0.1520 ms
2026-04-28 15:40:35.192 +07:00 [INF] HTTP GET /api/hotels responded 200 in 16.7880 ms
2026-04-28 15:40:41.800 +07:00 [INF] HTTP OPTIONS /api/hotels/all responded 204 in 0.0837 ms
2026-04-28 15:40:41.800 +07:00 [INF] HTTP OPTIONS /api/room-types/all responded 204 in 0.0623 ms
2026-04-28 15:40:41.839 +07:00 [INF] HTTP GET /api/hotels/all responded 200 in 34.8024 ms
2026-04-28 15:40:41.847 +07:00 [INF] HTTP GET /api/room-types/all responded 200 in 41.1930 ms
2026-04-28 15:40:50.413 +07:00 [INF] HTTP OPTIONS /api/rooms responded 204 in 0.1786 ms
2026-04-28 15:40:50.430 +07:00 [INF] HTTP GET /api/rooms responded 200 in 11.8762 ms
2026-04-28 15:40:53.661 +07:00 [INF] HTTP OPTIONS /api/bookings responded 204 in 0.0854 ms
2026-04-28 15:40:53.715 +07:00 [INF] GET /api/bookings — Page: 1, Filter: {"GuestName":null,"Status":null,"CheckInFrom":null,"CheckInTo":null,"Page":1,"PageSize":20,"$type":"BookingFilterDto"}
2026-04-28 15:40:53.850 +07:00 [INF] HTTP GET /api/bookings responded 200 in 185.9657 ms
2026-04-28 15:40:58.103 +07:00 [INF] HTTP OPTIONS /api/bookings/6 responded 204 in 0.1305 ms
2026-04-28 15:40:58.118 +07:00 [INF] GET /api/bookings/6
2026-04-28 15:40:58.144 +07:00 [WRN] Compiling a query which loads related collections for more than one collection navigation, either via 'Include' or through projection, but no 'QuerySplittingBehavior' has been configured. By default, Entity Framework will use 'QuerySplittingBehavior.SingleQuery', which can potentially result in slow query performance. See https://go.microsoft.com/fwlink/?linkid=2134277 for more information. To identify the query that's triggering this warning call 'ConfigureWarnings(w => w.Throw(RelationalEventId.MultipleCollectionIncludeWarning))'.
2026-04-28 15:40:58.245 +07:00 [INF] HTTP GET /api/bookings/6 responded 200 in 137.3693 ms
2026-04-28 15:41:08.683 +07:00 [INF] HTTP OPTIONS /api/housekeeping responded 204 in 0.0966 ms
2026-04-28 15:41:08.761 +07:00 [INF] HTTP GET /api/housekeeping responded 200 in 74.0455 ms
2026-04-28 15:41:12.043 +07:00 [INF] HTTP GET /api/housekeeping responded 200 in 8.3270 ms
2026-04-28 15:41:13.907 +07:00 [INF] HTTP OPTIONS /api/invoices responded 204 in 0.1343 ms
2026-04-28 15:41:13.948 +07:00 [WRN] Compiling a query which loads related collections for more than one collection navigation, either via 'Include' or through projection, but no 'QuerySplittingBehavior' has been configured. By default, Entity Framework will use 'QuerySplittingBehavior.SingleQuery', which can potentially result in slow query performance. See https://go.microsoft.com/fwlink/?linkid=2134277 for more information. To identify the query that's triggering this warning call 'ConfigureWarnings(w => w.Throw(RelationalEventId.MultipleCollectionIncludeWarning))'.
2026-04-28 15:41:13.980 +07:00 [INF] HTTP GET /api/invoices responded 200 in 68.6836 ms
2026-04-28 15:42:00.980 +07:00 [INF] HTTP OPTIONS /api/housekeeping responded 204 in 0.0813 ms
2026-04-28 15:42:00.994 +07:00 [INF] HTTP GET /api/housekeeping responded 200 in 10.5283 ms
2026-04-28 15:42:01.904 +07:00 [INF] HTTP OPTIONS /api/invoices responded 204 in 0.0668 ms
2026-04-28 15:42:01.922 +07:00 [INF] HTTP GET /api/invoices responded 200 in 14.0471 ms
2026-04-28 15:42:04.776 +07:00 [INF] HTTP OPTIONS /api/invoices/5/status responded 204 in 0.0901 ms
2026-04-28 15:42:04.779 +07:00 [INF] HTTP PUT /api/invoices/5/status responded 404 in 0.3913 ms
2026-04-28 15:42:25.390 +07:00 [INF] HTTP OPTIONS /api/invoices/3/status responded 204 in 0.1551 ms
2026-04-28 15:42:25.393 +07:00 [INF] HTTP PUT /api/invoices/3/status responded 404 in 0.3852 ms
2026-04-28 15:42:46.727 +07:00 [INF] HTTP OPTIONS /api/housekeeping responded 204 in 0.0713 ms
2026-04-28 15:42:46.743 +07:00 [INF] HTTP GET /api/housekeeping responded 200 in 11.6943 ms
2026-04-28 15:42:48.555 +07:00 [INF] HTTP OPTIONS /api/bookings responded 204 in 0.0793 ms
2026-04-28 15:42:48.571 +07:00 [INF] GET /api/bookings — Page: 1, Filter: {"GuestName":null,"Status":null,"CheckInFrom":null,"CheckInTo":null,"Page":1,"PageSize":20,"$type":"BookingFilterDto"}
2026-04-28 15:42:48.579 +07:00 [INF] HTTP GET /api/bookings responded 200 in 20.8414 ms
2026-04-28 15:42:49.907 +07:00 [INF] HTTP OPTIONS /api/invoices responded 204 in 0.0610 ms
2026-04-28 15:42:49.924 +07:00 [INF] HTTP GET /api/invoices responded 200 in 13.0606 ms
2026-04-28 15:42:52.204 +07:00 [INF] HTTP OPTIONS /api/payments responded 204 in 0.0918 ms
2026-04-28 15:42:52.255 +07:00 [INF] HTTP GET /api/payments responded 200 in 47.0600 ms
2026-04-28 15:42:56.711 +07:00 [INF] HTTP OPTIONS /api/invoices responded 204 in 0.0616 ms
2026-04-28 15:42:56.734 +07:00 [INF] HTTP GET /api/invoices responded 200 in 18.6681 ms
2026-04-28 15:43:01.181 +07:00 [INF] HTTP OPTIONS /api/invoices/5/status responded 204 in 0.0553 ms
2026-04-28 15:43:01.183 +07:00 [INF] HTTP PUT /api/invoices/5/status responded 404 in 0.2429 ms
2026-04-28 15:43:12.363 +07:00 [INF] HTTP OPTIONS /api/payments responded 204 in 0.0549 ms
2026-04-28 15:43:12.382 +07:00 [INF] HTTP GET /api/payments responded 200 in 15.4926 ms
2026-04-28 15:43:14.231 +07:00 [INF] HTTP OPTIONS /api/guests responded 204 in 0.0650 ms
2026-04-28 15:43:14.284 +07:00 [INF] HTTP GET /api/guests responded 200 in 48.7825 ms
2026-04-28 15:43:16.986 +07:00 [INF] HTTP OPTIONS /api/rateplans responded 204 in 0.0646 ms
2026-04-28 15:43:17.046 +07:00 [INF] HTTP GET /api/rateplans responded 200 in 42.0552 ms
2026-04-28 15:43:20.523 +07:00 [INF] HTTP OPTIONS /api/invoices responded 204 in 0.0939 ms
2026-04-28 15:43:20.542 +07:00 [INF] HTTP GET /api/invoices responded 200 in 14.3338 ms
2026-04-28 15:43:39.399 +07:00 [INF] HTTP OPTIONS /api/payments responded 204 in 0.0519 ms
2026-04-28 15:43:39.417 +07:00 [INF] HTTP GET /api/payments responded 200 in 14.4102 ms
2026-04-28 15:43:40.492 +07:00 [INF] HTTP OPTIONS /api/guests responded 204 in 0.0432 ms
2026-04-28 15:43:40.507 +07:00 [INF] HTTP GET /api/guests responded 200 in 11.6634 ms
2026-04-28 15:43:47.881 +07:00 [INF] HTTP OPTIONS /api/rateplans responded 204 in 0.0712 ms
2026-04-28 15:43:47.897 +07:00 [INF] HTTP GET /api/rateplans responded 200 in 11.5696 ms
2026-04-28 15:43:49.639 +07:00 [INF] HTTP OPTIONS /api/promotions responded 204 in 0.0420 ms
2026-04-28 15:43:49.702 +07:00 [INF] HTTP GET /api/promotions responded 200 in 56.3902 ms
2026-04-28 15:44:08.268 +07:00 [INF] HTTP OPTIONS /api/invoices responded 204 in 0.0461 ms
2026-04-28 15:44:08.286 +07:00 [INF] HTTP GET /api/invoices responded 200 in 14.2704 ms
2026-04-28 15:44:09.123 +07:00 [INF] HTTP OPTIONS /api/guests responded 204 in 0.0412 ms
2026-04-28 15:44:09.143 +07:00 [INF] HTTP GET /api/guests responded 200 in 16.6918 ms
2026-04-28 15:44:33.704 +07:00 [INF] HTTP OPTIONS /api/rateplans responded 204 in 0.0387 ms
2026-04-28 15:44:33.718 +07:00 [INF] HTTP GET /api/rateplans responded 200 in 9.8632 ms
2026-04-28 15:44:35.818 +07:00 [INF] HTTP OPTIONS /api/promotions responded 204 in 0.0433 ms
2026-04-28 15:44:35.833 +07:00 [INF] HTTP GET /api/promotions responded 200 in 9.5377 ms
2026-04-28 15:46:23.565 +07:00 [INF] HTTP OPTIONS /api/promotions responded 204 in 0.0468 ms
2026-04-28 15:46:23.601 +07:00 [ERR] HTTP POST /api/promotions responded 500 in 31.6226 ms
AutoMapper.AutoMapperMappingException: Error mapping types.

Mapping types:
CreatePromotionDto -> Promotion
HotelManagement.DTOs.Promotion.CreatePromotionDto -> HotelManagement.Models.Promotion

Type Map configuration:
CreatePromotionDto -> Promotion
HotelManagement.DTOs.Promotion.CreatePromotionDto -> HotelManagement.Models.Promotion

Destination Member:
DiscountType

 ---> System.ArgumentException: Requested value 'FixedAmount' was not found.
   at System.Enum.TryParseByName[TStorage](RuntimeType enumType, ReadOnlySpan`1 value, Boolean ignoreCase, Boolean throwOnFailure, TStorage& result)
   at System.Enum.TryParseByValueOrName[TUnderlying,TStorage](RuntimeType enumType, ReadOnlySpan`1 value, Boolean ignoreCase, Boolean throwOnFailure, TUnderlying& result)
   at lambda_method2869(Closure, Object, Promotion, ResolutionContext)
   --- End of inner exception stack trace ---
   at lambda_method2869(Closure, Object, Promotion, ResolutionContext)
   at HotelManagement.Controllers.PromotionsController.Create(CreatePromotionDto dto) in C:\Users\MSI\source\Do_An_2\Backend\Controllers\PromotionsController.cs:line 130
   at Microsoft.AspNetCore.Mvc.Infrastructure.ActionMethodExecutor.TaskOfIActionResultExecutor.Execute(ActionContext actionContext, IActionResultTypeMapper mapper, ObjectMethodExecutor executor, Object controller, Object[] arguments)
   at Microsoft.AspNetCore.Mvc.Infrastructure.ControllerActionInvoker.<InvokeActionMethodAsync>g__Awaited|12_0(ControllerActionInvoker invoker, ValueTask`1 actionResultValueTask)
   at Microsoft.AspNetCore.Mvc.Infrastructure.ControllerActionInvoker.<InvokeNextActionFilterAsync>g__Awaited|10_0(ControllerActionInvoker invoker, Task lastTask, State next, Scope scope, Object state, Boolean isCompleted)
   at Microsoft.AspNetCore.Mvc.Infrastructure.ControllerActionInvoker.Rethrow(ActionExecutedContextSealed context)
   at Microsoft.AspNetCore.Mvc.Infrastructure.ControllerActionInvoker.Next(State& next, Scope& scope, Object& state, Boolean& isCompleted)
   at Microsoft.AspNetCore.Mvc.Infrastructure.ControllerActionInvoker.<InvokeInnerFilterAsync>g__Awaited|13_0(ControllerActionInvoker invoker, Task lastTask, State next, Scope scope, Object state, Boolean isCompleted)
   at Microsoft.AspNetCore.Mvc.Infrastructure.ResourceInvoker.<InvokeFilterPipelineAsync>g__Awaited|20_0(ResourceInvoker invoker, Task lastTask, State next, Scope scope, Object state, Boolean isCompleted)
   at Microsoft.AspNetCore.Mvc.Infrastructure.ResourceInvoker.<InvokeAsync>g__Awaited|17_0(ResourceInvoker invoker, Task task, IDisposable scope)
   at Microsoft.AspNetCore.Mvc.Infrastructure.ResourceInvoker.<InvokeAsync>g__Awaited|17_0(ResourceInvoker invoker, Task task, IDisposable scope)
   at Microsoft.AspNetCore.Authorization.AuthorizationMiddleware.Invoke(HttpContext context)
   at Microsoft.AspNetCore.Authentication.AuthenticationMiddleware.Invoke(HttpContext context)
   at Serilog.AspNetCore.RequestLoggingMiddleware.Invoke(HttpContext httpContext)
2026-04-28 15:46:23.628 +07:00 [ERR] Unhandled exception: Error mapping types.

Mapping types:
CreatePromotionDto -> Promotion
HotelManagement.DTOs.Promotion.CreatePromotionDto -> HotelManagement.Models.Promotion

Type Map configuration:
CreatePromotionDto -> Promotion
HotelManagement.DTOs.Promotion.CreatePromotionDto -> HotelManagement.Models.Promotion

Destination Member:
DiscountType

AutoMapper.AutoMapperMappingException: Error mapping types.

Mapping types:
CreatePromotionDto -> Promotion
HotelManagement.DTOs.Promotion.CreatePromotionDto -> HotelManagement.Models.Promotion

Type Map configuration:
CreatePromotionDto -> Promotion
HotelManagement.DTOs.Promotion.CreatePromotionDto -> HotelManagement.Models.Promotion

Destination Member:
DiscountType

 ---> System.ArgumentException: Requested value 'FixedAmount' was not found.
   at System.Enum.TryParseByName[TStorage](RuntimeType enumType, ReadOnlySpan`1 value, Boolean ignoreCase, Boolean throwOnFailure, TStorage& result)
   at System.Enum.TryParseByValueOrName[TUnderlying,TStorage](RuntimeType enumType, ReadOnlySpan`1 value, Boolean ignoreCase, Boolean throwOnFailure, TUnderlying& result)
   at lambda_method2869(Closure, Object, Promotion, ResolutionContext)
   --- End of inner exception stack trace ---
   at lambda_method2869(Closure, Object, Promotion, ResolutionContext)
   at HotelManagement.Controllers.PromotionsController.Create(CreatePromotionDto dto) in C:\Users\MSI\source\Do_An_2\Backend\Controllers\PromotionsController.cs:line 130
   at Microsoft.AspNetCore.Mvc.Infrastructure.ActionMethodExecutor.TaskOfIActionResultExecutor.Execute(ActionContext actionContext, IActionResultTypeMapper mapper, ObjectMethodExecutor executor, Object controller, Object[] arguments)
   at Microsoft.AspNetCore.Mvc.Infrastructure.ControllerActionInvoker.<InvokeActionMethodAsync>g__Awaited|12_0(ControllerActionInvoker invoker, ValueTask`1 actionResultValueTask)
   at Microsoft.AspNetCore.Mvc.Infrastructure.ControllerActionInvoker.<InvokeNextActionFilterAsync>g__Awaited|10_0(ControllerActionInvoker invoker, Task lastTask, State next, Scope scope, Object state, Boolean isCompleted)
   at Microsoft.AspNetCore.Mvc.Infrastructure.ControllerActionInvoker.Rethrow(ActionExecutedContextSealed context)
   at Microsoft.AspNetCore.Mvc.Infrastructure.ControllerActionInvoker.Next(State& next, Scope& scope, Object& state, Boolean& isCompleted)
   at Microsoft.AspNetCore.Mvc.Infrastructure.ControllerActionInvoker.<InvokeInnerFilterAsync>g__Awaited|13_0(ControllerActionInvoker invoker, Task lastTask, State next, Scope scope, Object state, Boolean isCompleted)
   at Microsoft.AspNetCore.Mvc.Infrastructure.ResourceInvoker.<InvokeFilterPipelineAsync>g__Awaited|20_0(ResourceInvoker invoker, Task lastTask, State next, Scope scope, Object state, Boolean isCompleted)
   at Microsoft.AspNetCore.Mvc.Infrastructure.ResourceInvoker.<InvokeAsync>g__Awaited|17_0(ResourceInvoker invoker, Task task, IDisposable scope)
   at Microsoft.AspNetCore.Mvc.Infrastructure.ResourceInvoker.<InvokeAsync>g__Awaited|17_0(ResourceInvoker invoker, Task task, IDisposable scope)
   at Microsoft.AspNetCore.Authorization.AuthorizationMiddleware.Invoke(HttpContext context)
   at Microsoft.AspNetCore.Authentication.AuthenticationMiddleware.Invoke(HttpContext context)
   at Serilog.AspNetCore.RequestLoggingMiddleware.Invoke(HttpContext httpContext)
   at HotelManagement.Middleware.GlobalExceptionMiddleware.InvokeAsync(HttpContext context) in C:\Users\MSI\source\Do_An_2\Backend\Middleware\GlobalExceptionMiddleware.cs:line 26
2026-04-28 15:49:25.881 +07:00 [INF] HTTP OPTIONS /api/auth/register responded 204 in 0.0525 ms
2026-04-28 15:49:25.898 +07:00 [INF] POST /api/auth/register — Username: nhanvienB
2026-04-28 15:49:26.165 +07:00 [INF] User 'nhanvienB' registered with role '"Receptionist"'.
2026-04-28 15:49:26.169 +07:00 [INF] HTTP POST /api/auth/register responded 201 in 284.8088 ms
2026-04-28 15:49:54.576 +07:00 [INF] HTTP OPTIONS /api/auth/login responded 204 in 0.0350 ms
2026-04-28 15:49:54.589 +07:00 [INF] POST /api/auth/login — Email: admin@hotel.com
2026-04-28 15:49:54.823 +07:00 [ERR] HTTP POST /api/auth/login responded 500 in 242.0667 ms
HotelManagement.Exceptions.AppException: Email hoặc mật khẩu không đúng.
   at HotelManagement.Services.Implementations.AuthService.LoginAsync(LoginRequestDto dto) in C:\Users\MSI\source\Do_An_2\Backend\Services\Implementations\AuthService.cs:line 87
   at HotelManagement.Controllers.AuthController.Login(LoginRequestDto dto) in C:\Users\MSI\source\Do_An_2\Backend\Controllers\AuthController.cs:line 35
   at Microsoft.AspNetCore.Mvc.Infrastructure.ActionMethodExecutor.TaskOfIActionResultExecutor.Execute(ActionContext actionContext, IActionResultTypeMapper mapper, ObjectMethodExecutor executor, Object controller, Object[] arguments)
   at Microsoft.AspNetCore.Mvc.Infrastructure.ControllerActionInvoker.<InvokeActionMethodAsync>g__Awaited|12_0(ControllerActionInvoker invoker, ValueTask`1 actionResultValueTask)
   at Microsoft.AspNetCore.Mvc.Infrastructure.ControllerActionInvoker.<InvokeNextActionFilterAsync>g__Awaited|10_0(ControllerActionInvoker invoker, Task lastTask, State next, Scope scope, Object state, Boolean isCompleted)
   at Microsoft.AspNetCore.Mvc.Infrastructure.ControllerActionInvoker.Rethrow(ActionExecutedContextSealed context)
   at Microsoft.AspNetCore.Mvc.Infrastructure.ControllerActionInvoker.Next(State& next, Scope& scope, Object& state, Boolean& isCompleted)
   at Microsoft.AspNetCore.Mvc.Infrastructure.ControllerActionInvoker.<InvokeInnerFilterAsync>g__Awaited|13_0(ControllerActionInvoker invoker, Task lastTask, State next, Scope scope, Object state, Boolean isCompleted)
   at Microsoft.AspNetCore.Mvc.Infrastructure.ResourceInvoker.<InvokeFilterPipelineAsync>g__Awaited|20_0(ResourceInvoker invoker, Task lastTask, State next, Scope scope, Object state, Boolean isCompleted)
   at Microsoft.AspNetCore.Mvc.Infrastructure.ResourceInvoker.<InvokeAsync>g__Awaited|17_0(ResourceInvoker invoker, Task task, IDisposable scope)
   at Microsoft.AspNetCore.Mvc.Infrastructure.ResourceInvoker.<InvokeAsync>g__Awaited|17_0(ResourceInvoker invoker, Task task, IDisposable scope)
   at Microsoft.AspNetCore.Authorization.AuthorizationMiddleware.Invoke(HttpContext context)
   at Microsoft.AspNetCore.Authentication.AuthenticationMiddleware.Invoke(HttpContext context)
   at Serilog.AspNetCore.RequestLoggingMiddleware.Invoke(HttpContext httpContext)
2026-04-28 15:49:54.828 +07:00 [WRN] AppException [401]: Email hoặc mật khẩu không đúng.
2026-04-28 15:50:02.032 +07:00 [INF] HTTP OPTIONS /api/auth/login responded 204 in 0.0320 ms
2026-04-28 15:50:02.043 +07:00 [INF] POST /api/auth/login — Email: admin@hotel.com
2026-04-28 15:50:02.285 +07:00 [INF] User 'admin' logged in.
2026-04-28 15:50:02.286 +07:00 [INF] HTTP POST /api/auth/login responded 200 in 250.1297 ms
2026-04-28 15:50:02.291 +07:00 [INF] HTTP OPTIONS /api/session/runtime-id responded 204 in 0.0411 ms
2026-04-28 15:50:02.304 +07:00 [INF] HTTP GET /api/session/runtime-id responded 200 in 0.8632 ms
2026-04-28 15:50:02.320 +07:00 [INF] HTTP OPTIONS /api/guests responded 204 in 0.0485 ms
2026-04-28 15:50:02.334 +07:00 [INF] HTTP GET /api/guests responded 200 in 11.3677 ms
2026-04-28 15:50:17.819 +07:00 [INF] HTTP OPTIONS /api/auth/login responded 204 in 0.0481 ms
2026-04-28 15:50:17.829 +07:00 [INF] POST /api/auth/login — Email: Test12@example.com
2026-04-28 15:50:18.061 +07:00 [ERR] HTTP POST /api/auth/login responded 500 in 239.0888 ms
HotelManagement.Exceptions.AppException: Email hoặc mật khẩu không đúng.
   at HotelManagement.Services.Implementations.AuthService.LoginAsync(LoginRequestDto dto) in C:\Users\MSI\source\Do_An_2\Backend\Services\Implementations\AuthService.cs:line 87
   at HotelManagement.Controllers.AuthController.Login(LoginRequestDto dto) in C:\Users\MSI\source\Do_An_2\Backend\Controllers\AuthController.cs:line 35
   at Microsoft.AspNetCore.Mvc.Infrastructure.ActionMethodExecutor.TaskOfIActionResultExecutor.Execute(ActionContext actionContext, IActionResultTypeMapper mapper, ObjectMethodExecutor executor, Object controller, Object[] arguments)
   at Microsoft.AspNetCore.Mvc.Infrastructure.ControllerActionInvoker.<InvokeActionMethodAsync>g__Awaited|12_0(ControllerActionInvoker invoker, ValueTask`1 actionResultValueTask)
   at Microsoft.AspNetCore.Mvc.Infrastructure.ControllerActionInvoker.<InvokeNextActionFilterAsync>g__Awaited|10_0(ControllerActionInvoker invoker, Task lastTask, State next, Scope scope, Object state, Boolean isCompleted)
   at Microsoft.AspNetCore.Mvc.Infrastructure.ControllerActionInvoker.Rethrow(ActionExecutedContextSealed context)
   at Microsoft.AspNetCore.Mvc.Infrastructure.ControllerActionInvoker.Next(State& next, Scope& scope, Object& state, Boolean& isCompleted)
   at Microsoft.AspNetCore.Mvc.Infrastructure.ControllerActionInvoker.<InvokeInnerFilterAsync>g__Awaited|13_0(ControllerActionInvoker invoker, Task lastTask, State next, Scope scope, Object state, Boolean isCompleted)
   at Microsoft.AspNetCore.Mvc.Infrastructure.ResourceInvoker.<InvokeFilterPipelineAsync>g__Awaited|20_0(ResourceInvoker invoker, Task lastTask, State next, Scope scope, Object state, Boolean isCompleted)
   at Microsoft.AspNetCore.Mvc.Infrastructure.ResourceInvoker.<InvokeAsync>g__Awaited|17_0(ResourceInvoker invoker, Task task, IDisposable scope)
   at Microsoft.AspNetCore.Mvc.Infrastructure.ResourceInvoker.<InvokeAsync>g__Awaited|17_0(ResourceInvoker invoker, Task task, IDisposable scope)
   at Microsoft.AspNetCore.Authorization.AuthorizationMiddleware.Invoke(HttpContext context)
   at Microsoft.AspNetCore.Authentication.AuthenticationMiddleware.Invoke(HttpContext context)
   at Serilog.AspNetCore.RequestLoggingMiddleware.Invoke(HttpContext httpContext)
2026-04-28 15:50:18.065 +07:00 [WRN] AppException [401]: Email hoặc mật khẩu không đúng.
2026-04-28 15:50:24.583 +07:00 [INF] HTTP OPTIONS /api/auth/login responded 204 in 0.0446 ms
2026-04-28 15:50:24.593 +07:00 [INF] POST /api/auth/login — Email: Test12@example.com
2026-04-28 15:50:24.834 +07:00 [ERR] HTTP POST /api/auth/login responded 500 in 248.0669 ms
HotelManagement.Exceptions.AppException: Email hoặc mật khẩu không đúng.
   at HotelManagement.Services.Implementations.AuthService.LoginAsync(LoginRequestDto dto) in C:\Users\MSI\source\Do_An_2\Backend\Services\Implementations\AuthService.cs:line 87
   at HotelManagement.Controllers.AuthController.Login(LoginRequestDto dto) in C:\Users\MSI\source\Do_An_2\Backend\Controllers\AuthController.cs:line 35
   at Microsoft.AspNetCore.Mvc.Infrastructure.ActionMethodExecutor.TaskOfIActionResultExecutor.Execute(ActionContext actionContext, IActionResultTypeMapper mapper, ObjectMethodExecutor executor, Object controller, Object[] arguments)
   at Microsoft.AspNetCore.Mvc.Infrastructure.ControllerActionInvoker.<InvokeActionMethodAsync>g__Awaited|12_0(ControllerActionInvoker invoker, ValueTask`1 actionResultValueTask)
   at Microsoft.AspNetCore.Mvc.Infrastructure.ControllerActionInvoker.<InvokeNextActionFilterAsync>g__Awaited|10_0(ControllerActionInvoker invoker, Task lastTask, State next, Scope scope, Object state, Boolean isCompleted)
   at Microsoft.AspNetCore.Mvc.Infrastructure.ControllerActionInvoker.Rethrow(ActionExecutedContextSealed context)
   at Microsoft.AspNetCore.Mvc.Infrastructure.ControllerActionInvoker.Next(State& next, Scope& scope, Object& state, Boolean& isCompleted)
   at Microsoft.AspNetCore.Mvc.Infrastructure.ControllerActionInvoker.<InvokeInnerFilterAsync>g__Awaited|13_0(ControllerActionInvoker invoker, Task lastTask, State next, Scope scope, Object state, Boolean isCompleted)
   at Microsoft.AspNetCore.Mvc.Infrastructure.ResourceInvoker.<InvokeFilterPipelineAsync>g__Awaited|20_0(ResourceInvoker invoker, Task lastTask, State next, Scope scope, Object state, Boolean isCompleted)
   at Microsoft.AspNetCore.Mvc.Infrastructure.ResourceInvoker.<InvokeAsync>g__Awaited|17_0(ResourceInvoker invoker, Task task, IDisposable scope)
   at Microsoft.AspNetCore.Mvc.Infrastructure.ResourceInvoker.<InvokeAsync>g__Awaited|17_0(ResourceInvoker invoker, Task task, IDisposable scope)
   at Microsoft.AspNetCore.Authorization.AuthorizationMiddleware.Invoke(HttpContext context)
   at Microsoft.AspNetCore.Authentication.AuthenticationMiddleware.Invoke(HttpContext context)
   at Serilog.AspNetCore.RequestLoggingMiddleware.Invoke(HttpContext httpContext)
2026-04-28 15:50:24.839 +07:00 [WRN] AppException [401]: Email hoặc mật khẩu không đúng.
2026-04-28 15:50:34.537 +07:00 [INF] HTTP OPTIONS /api/auth/login responded 204 in 0.0403 ms
2026-04-28 15:50:34.546 +07:00 [INF] POST /api/auth/login — Email: Test12@example.com
2026-04-28 15:50:34.781 +07:00 [INF] User 'Test12' logged in.
2026-04-28 15:50:34.782 +07:00 [INF] HTTP POST /api/auth/login responded 200 in 243.4135 ms
2026-04-28 15:50:34.786 +07:00 [INF] HTTP OPTIONS /api/session/runtime-id responded 204 in 0.0262 ms
2026-04-28 15:50:34.789 +07:00 [INF] HTTP GET /api/session/runtime-id responded 200 in 0.2565 ms
2026-04-28 15:50:34.820 +07:00 [INF] HTTP OPTIONS /api/hotels/all responded 204 in 0.0747 ms
2026-04-28 15:50:34.821 +07:00 [INF] HTTP OPTIONS /api/rooms responded 204 in 0.0595 ms
2026-04-28 15:50:34.834 +07:00 [INF] HTTP GET /api/hotels/all responded 200 in 10.8152 ms
2026-04-28 15:50:34.844 +07:00 [INF] HTTP GET /api/rooms responded 200 in 19.7644 ms
2026-04-28 15:50:34.856 +07:00 [INF] HTTP GET /uploads/202604/c595ef30523a44bb9d8d40075a4d9c8c.jpg responded 304 in 2.8031 ms
2026-04-28 15:50:38.767 +07:00 [INF] SignalR Disconnected: ConnId=i903faEmiQagUTHu7yEALw
2026-04-28 15:50:38.767 +07:00 [INF] SignalR Disconnected: ConnId=z1lBsUeCWPrq1UDb39Er3Q
2026-04-28 15:50:38.769 +07:00 [INF] HTTP GET /hubs/room responded 101 in 688786.6373 ms
2026-04-28 15:50:38.769 +07:00 [INF] HTTP GET /hubs/room responded 101 in 688806.1365 ms
2026-04-28 15:50:51.839 +07:00 [INF] HTTP OPTIONS /api/auth/login responded 204 in 0.0329 ms
2026-04-28 15:50:51.851 +07:00 [INF] POST /api/auth/login — Email: admin@hotel.com
2026-04-28 15:50:52.087 +07:00 [INF] User 'admin' logged in.
2026-04-28 15:50:52.088 +07:00 [INF] HTTP POST /api/auth/login responded 200 in 245.2988 ms
2026-04-28 15:50:52.093 +07:00 [INF] HTTP OPTIONS /api/session/runtime-id responded 204 in 0.0316 ms
2026-04-28 15:50:52.097 +07:00 [INF] HTTP GET /api/session/runtime-id responded 200 in 0.5464 ms
2026-04-28 15:50:52.186 +07:00 [INF] HTTP OPTIONS /api/rooms responded 204 in 0.0458 ms
2026-04-28 15:50:52.198 +07:00 [INF] HTTP GET /api/rooms responded 200 in 9.3460 ms
2026-04-28 15:50:52.269 +07:00 [INF] HTTP OPTIONS /hubs/room/negotiate responded 204 in 0.0516 ms
2026-04-28 15:50:52.272 +07:00 [INF] HTTP OPTIONS /hubs/room/negotiate responded 204 in 0.0567 ms
2026-04-28 15:50:52.274 +07:00 [INF] HTTP POST /hubs/room/negotiate responded 200 in 0.7133 ms
2026-04-28 15:50:52.279 +07:00 [INF] HTTP POST /hubs/room/negotiate responded 200 in 2.5381 ms
2026-04-28 15:50:52.454 +07:00 [INF] SignalR Connected: UserId=1, Role=, ConnId=fAiKERb0HNsbVCZbrq3-0Q
2026-04-28 15:50:52.470 +07:00 [INF] SignalR Connected: UserId=1, Role=, ConnId=xDuMJ4n6C74jsJcf2LT04g
2026-04-28 15:50:54.699 +07:00 [INF] HTTP OPTIONS /api/guests responded 204 in 0.0410 ms
2026-04-28 15:50:54.713 +07:00 [INF] HTTP GET /api/guests responded 200 in 11.1871 ms
2026-04-28 15:51:25.417 +07:00 [INF] HTTP OPTIONS /api/bookings/guest/2 responded 204 in 0.0437 ms
2026-04-28 15:51:25.434 +07:00 [INF] GET /api/bookings/guest/2
2026-04-28 15:51:25.467 +07:00 [INF] HTTP GET /api/bookings/guest/2 responded 200 in 46.6934 ms
2026-04-28 15:51:33.518 +07:00 [INF] HTTP OPTIONS /api/bookings/available-rooms responded 204 in 0.0335 ms
2026-04-28 15:51:33.534 +07:00 [INF] GET /api/bookings/available-rooms — CheckIn: "2026-04-29T00:00:00.0000000", CheckOut: "2026-04-30T00:00:00.0000000"
2026-04-28 15:51:33.579 +07:00 [INF] HTTP GET /api/bookings/available-rooms responded 200 in 58.2412 ms
2026-04-28 15:51:39.827 +07:00 [INF] HTTP OPTIONS /api/rooms responded 204 in 0.0329 ms
2026-04-28 15:51:39.840 +07:00 [INF] HTTP GET /api/rooms responded 200 in 9.7204 ms
2026-04-28 15:51:41.846 +07:00 [INF] HTTP OPTIONS /api/hotels/all responded 204 in 0.0334 ms
2026-04-28 15:51:41.859 +07:00 [INF] HTTP GET /api/hotels/all responded 200 in 9.2871 ms
2026-04-28 15:51:41.862 +07:00 [INF] HTTP OPTIONS /api/rooms responded 204 in 0.0320 ms
2026-04-28 15:51:41.885 +07:00 [INF] HTTP GET /api/rooms responded 200 in 18.3718 ms
2026-04-28 15:55:21.332 +07:00 [INF] SignalR Disconnected: ConnId=xDuMJ4n6C74jsJcf2LT04g
2026-04-28 15:55:21.332 +07:00 [INF] SignalR Disconnected: ConnId=fAiKERb0HNsbVCZbrq3-0Q
2026-04-28 15:55:21.333 +07:00 [INF] HTTP GET /hubs/room responded 101 in 268879.5831 ms
2026-04-28 15:55:21.334 +07:00 [INF] HTTP GET /hubs/room responded 101 in 268892.0576 ms
