2026-04-11 15:28:35.839 +07:00 [WRN] The query uses the 'First'/'FirstOrDefault' operator without 'OrderBy' and filter operators. This may lead to unpredictable results.
2026-04-11 15:28:36.008 +07:00 [ERR] Hosting failed to start
System.IO.IOException: Failed to bind to address http://127.0.0.1:5000: address already in use.
 ---> Microsoft.AspNetCore.Connections.AddressInUseException: Only one usage of each socket address (protocol/network address/port) is normally permitted.
 ---> System.Net.Sockets.SocketException (10048): Only one usage of each socket address (protocol/network address/port) is normally permitted.
   at System.Net.Sockets.Socket.UpdateStatusAfterSocketErrorAndThrowException(SocketError error, Boolean disconnectOnFailure, String callerName)
   at System.Net.Sockets.Socket.DoBind(EndPoint endPointSnapshot, SocketAddress socketAddress)
   at System.Net.Sockets.Socket.Bind(EndPoint localEP)
   at Microsoft.AspNetCore.Server.Kestrel.Transport.Sockets.SocketTransportOptions.CreateDefaultBoundListenSocket(EndPoint endpoint)
   at Microsoft.AspNetCore.Server.Kestrel.Transport.Sockets.SocketConnectionListener.Bind()
   --- End of inner exception stack trace ---
   at Microsoft.AspNetCore.Server.Kestrel.Transport.Sockets.SocketConnectionListener.Bind()
   at Microsoft.AspNetCore.Server.Kestrel.Transport.Sockets.SocketTransportFactory.BindAsync(EndPoint endpoint, CancellationToken cancellationToken)
   at Microsoft.AspNetCore.Server.Kestrel.Core.Internal.Infrastructure.TransportManager.BindAsync(EndPoint endPoint, ConnectionDelegate connectionDelegate, EndpointConfig endpointConfig, CancellationToken cancellationToken)
   at Microsoft.AspNetCore.Server.Kestrel.Core.KestrelServerImpl.<>c__DisplayClass28_0`1.<<StartAsync>g__OnBind|0>d.MoveNext()
--- End of stack trace from previous location ---
   at Microsoft.AspNetCore.Server.Kestrel.Core.Internal.AddressBinder.BindEndpointAsync(ListenOptions endpoint, AddressBindContext context, CancellationToken cancellationToken)
   --- End of inner exception stack trace ---
   at Microsoft.AspNetCore.Server.Kestrel.Core.Internal.AddressBinder.BindEndpointAsync(ListenOptions endpoint, AddressBindContext context, CancellationToken cancellationToken)
   at Microsoft.AspNetCore.Server.Kestrel.Core.LocalhostListenOptions.BindAsync(AddressBindContext context, CancellationToken cancellationToken)
   at Microsoft.AspNetCore.Server.Kestrel.Core.Internal.AddressBinder.DefaultAddressStrategy.BindAsync(AddressBindContext context, CancellationToken cancellationToken)
   at Microsoft.AspNetCore.Server.Kestrel.Core.Internal.AddressBinder.BindAsync(ListenOptions[] listenOptions, AddressBindContext context, Func`2 useHttps, CancellationToken cancellationToken)
   at Microsoft.AspNetCore.Server.Kestrel.Core.KestrelServerImpl.BindAsync(CancellationToken cancellationToken)
   at Microsoft.AspNetCore.Server.Kestrel.Core.KestrelServerImpl.StartAsync[TContext](IHttpApplication`1 application, CancellationToken cancellationToken)
   at Microsoft.AspNetCore.Hosting.GenericWebHostService.StartAsync(CancellationToken cancellationToken)
   at Microsoft.Extensions.Hosting.Internal.Host.<StartAsync>b__15_1(IHostedService service, CancellationToken token)
   at Microsoft.Extensions.Hosting.Internal.Host.ForeachService[T](IEnumerable`1 services, CancellationToken token, Boolean concurrent, Boolean abortOnFirstException, List`1 exceptions, Func`3 operation)
2026-04-11 15:28:47.665 +07:00 [WRN] The query uses the 'First'/'FirstOrDefault' operator without 'OrderBy' and filter operators. This may lead to unpredictable results.
2026-04-11 15:29:09.719 +07:00 [WRN] Failed to determine the https port for redirect.
2026-04-11 15:29:09.726 +07:00 [INF] HTTP OPTIONS /api/auth/login responded 204 in 2.4367 ms
2026-04-11 15:29:09.970 +07:00 [INF] POST /api/auth/login — Email: Test12@example.com
2026-04-11 15:29:10.297 +07:00 [INF] User 'Test12' logged in.
2026-04-11 15:29:10.329 +07:00 [INF] HTTP POST /api/auth/login responded 200 in 591.3349 ms
2026-04-11 15:29:10.335 +07:00 [INF] HTTP OPTIONS /api/session/runtime-id responded 204 in 0.3329 ms
2026-04-11 15:29:10.377 +07:00 [INF] HTTP GET /api/session/runtime-id responded 200 in 38.7030 ms
2026-04-11 15:29:11.903 +07:00 [INF] HTTP OPTIONS /api/rooms responded 204 in 1.2998 ms
2026-04-11 15:29:12.083 +07:00 [INF] HTTP GET /api/rooms responded 200 in 173.5862 ms
2026-04-11 15:29:14.524 +07:00 [INF] HTTP OPTIONS /api/bookings/available-rooms responded 204 in 0.1739 ms
2026-04-11 15:29:14.586 +07:00 [INF] GET /api/bookings/available-rooms — CheckIn: "2026-04-12T00:00:00.0000000", CheckOut: "2026-04-13T00:00:00.0000000"
2026-04-11 15:29:14.644 +07:00 [INF] HTTP GET /api/bookings/available-rooms responded 200 in 114.4199 ms
2026-04-11 15:29:18.987 +07:00 [INF] HTTP OPTIONS /api/rateplans responded 204 in 0.0767 ms
2026-04-11 15:29:19.039 +07:00 [INF] HTTP GET /api/rateplans responded 200 in 48.7348 ms
2026-04-11 15:29:19.045 +07:00 [INF] HTTP OPTIONS /api/bookings responded 204 in 0.2745 ms
2026-04-11 15:29:19.074 +07:00 [INF] POST /api/bookings — Guest: 2, RatePlan: 1, Rooms: [2]
2026-04-11 15:29:19.227 +07:00 [ERR] An exception occurred in the database while saving changes for context type 'HotelManagement.Data.HotelDbContext'.
System.InvalidOperationException: The configured execution strategy 'MySqlRetryingExecutionStrategy' does not support user-initiated transactions. Use the execution strategy returned by 'DbContext.Database.CreateExecutionStrategy()' to execute all the operations in the transaction as a retriable unit.
   at Microsoft.EntityFrameworkCore.Storage.ExecutionStrategy.OnFirstExecution()
   at Microsoft.EntityFrameworkCore.Storage.ExecutionStrategy.ExecuteAsync[TState,TResult](TState state, Func`4 operation, Func`4 verifySucceeded, CancellationToken cancellationToken)
   at Microsoft.EntityFrameworkCore.DbContext.SaveChangesAsync(Boolean acceptAllChangesOnSuccess, CancellationToken cancellationToken)
System.InvalidOperationException: The configured execution strategy 'MySqlRetryingExecutionStrategy' does not support user-initiated transactions. Use the execution strategy returned by 'DbContext.Database.CreateExecutionStrategy()' to execute all the operations in the transaction as a retriable unit.
   at Microsoft.EntityFrameworkCore.Storage.ExecutionStrategy.OnFirstExecution()
   at Microsoft.EntityFrameworkCore.Storage.ExecutionStrategy.ExecuteAsync[TState,TResult](TState state, Func`4 operation, Func`4 verifySucceeded, CancellationToken cancellationToken)
   at Microsoft.EntityFrameworkCore.DbContext.SaveChangesAsync(Boolean acceptAllChangesOnSuccess, CancellationToken cancellationToken)
2026-04-11 15:29:19.236 +07:00 [ERR] HTTP POST /api/bookings responded 500 in 187.1422 ms
System.InvalidOperationException: The configured execution strategy 'MySqlRetryingExecutionStrategy' does not support user-initiated transactions. Use the execution strategy returned by 'DbContext.Database.CreateExecutionStrategy()' to execute all the operations in the transaction as a retriable unit.
   at Microsoft.EntityFrameworkCore.Storage.ExecutionStrategy.OnFirstExecution()
   at Microsoft.EntityFrameworkCore.Storage.ExecutionStrategy.ExecuteAsync[TState,TResult](TState state, Func`4 operation, Func`4 verifySucceeded, CancellationToken cancellationToken)
   at Microsoft.EntityFrameworkCore.DbContext.SaveChangesAsync(Boolean acceptAllChangesOnSuccess, CancellationToken cancellationToken)
   at Microsoft.EntityFrameworkCore.DbContext.SaveChangesAsync(Boolean acceptAllChangesOnSuccess, CancellationToken cancellationToken)
   at HotelManagement.Services.Implementations.BookingService.CreateBookingAsync(CreateBookingDto dto, Nullable`1 createdByUserId) in C:\Users\MSI\source\Do_An_2\Backend\Services\Implementations\BookingService.cs:line 225
   at HotelManagement.Services.Implementations.BookingService.CreateBookingAsync(CreateBookingDto dto, Nullable`1 createdByUserId) in C:\Users\MSI\source\Do_An_2\Backend\Services\Implementations\BookingService.cs:line 256
   at HotelManagement.Controllers.BookingsController.Create(CreateBookingDto dto) in C:\Users\MSI\source\Do_An_2\Backend\Controllers\BookingsController.cs:line 164
   at Microsoft.AspNetCore.Mvc.Infrastructure.ActionMethodExecutor.TaskOfIActionResultExecutor.Execute(ActionContext actionContext, IActionResultTypeMapper mapper, ObjectMethodExecutor executor, Object controller, Object[] arguments)
   at Microsoft.AspNetCore.Mvc.Infrastructure.ControllerActionInvoker.<InvokeActionMethodAsync>g__Awaited|12_0(ControllerActionInvoker invoker, ValueTask`1 actionResultValueTask)
   at Microsoft.AspNetCore.Mvc.Infrastructure.ControllerActionInvoker.<InvokeNextActionFilterAsync>g__Awaited|10_0(ControllerActionInvoker invoker, Task lastTask, State next, Scope scope, Object state, Boolean isCompleted)
   at Microsoft.AspNetCore.Mvc.Infrastructure.ControllerActionInvoker.Rethrow(ActionExecutedContextSealed context)
   at Microsoft.AspNetCore.Mvc.Infrastructure.ControllerActionInvoker.Next(State& next, Scope& scope, Object& state, Boolean& isCompleted)
   at Microsoft.AspNetCore.Mvc.Infrastructure.ControllerActionInvoker.<InvokeInnerFilterAsync>g__Awaited|13_0(ControllerActionInvoker invoker, Task lastTask, State next, Scope scope, Object state, Boolean isCompleted)
   at Microsoft.AspNetCore.Mvc.Infrastructure.ResourceInvoker.<InvokeFilterPipelineAsync>g__Awaited|20_0(ResourceInvoker invoker, Task lastTask, State next, Scope scope, Object state, Boolean isCompleted)
   at Microsoft.AspNetCore.Mvc.Infrastructure.ResourceInvoker.<InvokeAsync>g__Awaited|17_0(ResourceInvoker invoker, Task task, IDisposable scope)
   at Microsoft.AspNetCore.Mvc.Infrastructure.ResourceInvoker.<InvokeAsync>g__Awaited|17_0(ResourceInvoker invoker, Task task, IDisposable scope)
   at Microsoft.AspNetCore.Authorization.AuthorizationMiddleware.Invoke(HttpContext context)
   at Microsoft.AspNetCore.Authentication.AuthenticationMiddleware.Invoke(HttpContext context)
   at Serilog.AspNetCore.RequestLoggingMiddleware.Invoke(HttpContext httpContext)
2026-04-11 15:29:19.244 +07:00 [ERR] Unhandled exception: The configured execution strategy 'MySqlRetryingExecutionStrategy' does not support user-initiated transactions. Use the execution strategy returned by 'DbContext.Database.CreateExecutionStrategy()' to execute all the operations in the transaction as a retriable unit.
System.InvalidOperationException: The configured execution strategy 'MySqlRetryingExecutionStrategy' does not support user-initiated transactions. Use the execution strategy returned by 'DbContext.Database.CreateExecutionStrategy()' to execute all the operations in the transaction as a retriable unit.
   at Microsoft.EntityFrameworkCore.Storage.ExecutionStrategy.OnFirstExecution()
   at Microsoft.EntityFrameworkCore.Storage.ExecutionStrategy.ExecuteAsync[TState,TResult](TState state, Func`4 operation, Func`4 verifySucceeded, CancellationToken cancellationToken)
   at Microsoft.EntityFrameworkCore.DbContext.SaveChangesAsync(Boolean acceptAllChangesOnSuccess, CancellationToken cancellationToken)
   at Microsoft.EntityFrameworkCore.DbContext.SaveChangesAsync(Boolean acceptAllChangesOnSuccess, CancellationToken cancellationToken)
   at HotelManagement.Services.Implementations.BookingService.CreateBookingAsync(CreateBookingDto dto, Nullable`1 createdByUserId) in C:\Users\MSI\source\Do_An_2\Backend\Services\Implementations\BookingService.cs:line 225
   at HotelManagement.Services.Implementations.BookingService.CreateBookingAsync(CreateBookingDto dto, Nullable`1 createdByUserId) in C:\Users\MSI\source\Do_An_2\Backend\Services\Implementations\BookingService.cs:line 256
   at HotelManagement.Controllers.BookingsController.Create(CreateBookingDto dto) in C:\Users\MSI\source\Do_An_2\Backend\Controllers\BookingsController.cs:line 164
   at Microsoft.AspNetCore.Mvc.Infrastructure.ActionMethodExecutor.TaskOfIActionResultExecutor.Execute(ActionContext actionContext, IActionResultTypeMapper mapper, ObjectMethodExecutor executor, Object controller, Object[] arguments)
   at Microsoft.AspNetCore.Mvc.Infrastructure.ControllerActionInvoker.<InvokeActionMethodAsync>g__Awaited|12_0(ControllerActionInvoker invoker, ValueTask`1 actionResultValueTask)
   at Microsoft.AspNetCore.Mvc.Infrastructure.ControllerActionInvoker.<InvokeNextActionFilterAsync>g__Awaited|10_0(ControllerActionInvoker invoker, Task lastTask, State next, Scope scope, Object state, Boolean isCompleted)
   at Microsoft.AspNetCore.Mvc.Infrastructure.ControllerActionInvoker.Rethrow(ActionExecutedContextSealed context)
   at Microsoft.AspNetCore.Mvc.Infrastructure.ControllerActionInvoker.Next(State& next, Scope& scope, Object& state, Boolean& isCompleted)
   at Microsoft.AspNetCore.Mvc.Infrastructure.ControllerActionInvoker.<InvokeInnerFilterAsync>g__Awaited|13_0(ControllerActionInvoker invoker, Task lastTask, State next, Scope scope, Object state, Boolean isCompleted)
   at Microsoft.AspNetCore.Mvc.Infrastructure.ResourceInvoker.<InvokeFilterPipelineAsync>g__Awaited|20_0(ResourceInvoker invoker, Task lastTask, State next, Scope scope, Object state, Boolean isCompleted)
   at Microsoft.AspNetCore.Mvc.Infrastructure.ResourceInvoker.<InvokeAsync>g__Awaited|17_0(ResourceInvoker invoker, Task task, IDisposable scope)
   at Microsoft.AspNetCore.Mvc.Infrastructure.ResourceInvoker.<InvokeAsync>g__Awaited|17_0(ResourceInvoker invoker, Task task, IDisposable scope)
   at Microsoft.AspNetCore.Authorization.AuthorizationMiddleware.Invoke(HttpContext context)
   at Microsoft.AspNetCore.Authentication.AuthenticationMiddleware.Invoke(HttpContext context)
   at Serilog.AspNetCore.RequestLoggingMiddleware.Invoke(HttpContext httpContext)
   at HotelManagement.Middleware.GlobalExceptionMiddleware.InvokeAsync(HttpContext context) in C:\Users\MSI\source\Do_An_2\Backend\Middleware\GlobalExceptionMiddleware.cs:line 26
2026-04-11 15:36:26.281 +07:00 [WRN] The query uses the 'First'/'FirstOrDefault' operator without 'OrderBy' and filter operators. This may lead to unpredictable results.
2026-04-11 15:36:49.203 +07:00 [WRN] Failed to determine the https port for redirect.
2026-04-11 15:36:49.211 +07:00 [INF] HTTP OPTIONS /api/auth/login responded 204 in 3.0544 ms
2026-04-11 15:36:49.471 +07:00 [INF] POST /api/auth/login — Email: Test12@example.com
2026-04-11 15:36:49.804 +07:00 [INF] User 'Test12' logged in.
2026-04-11 15:36:49.836 +07:00 [INF] HTTP POST /api/auth/login responded 200 in 613.1894 ms
2026-04-11 15:36:49.843 +07:00 [INF] HTTP OPTIONS /api/session/runtime-id responded 204 in 0.5017 ms
2026-04-11 15:36:49.886 +07:00 [INF] HTTP GET /api/session/runtime-id responded 200 in 39.4635 ms
2026-04-11 15:36:53.330 +07:00 [INF] HTTP OPTIONS /api/rooms responded 204 in 0.2594 ms
2026-04-11 15:36:53.511 +07:00 [INF] HTTP GET /api/rooms responded 200 in 174.8787 ms
2026-04-11 15:36:55.885 +07:00 [INF] HTTP OPTIONS /api/bookings/available-rooms responded 204 in 0.2714 ms
2026-04-11 15:36:55.948 +07:00 [INF] GET /api/bookings/available-rooms — CheckIn: "2026-04-12T00:00:00.0000000", CheckOut: "2026-04-13T00:00:00.0000000"
2026-04-11 15:36:56.003 +07:00 [INF] HTTP GET /api/bookings/available-rooms responded 200 in 113.4398 ms
2026-04-11 15:37:00.738 +07:00 [INF] HTTP OPTIONS /api/rateplans responded 204 in 0.1070 ms
2026-04-11 15:37:00.789 +07:00 [INF] HTTP GET /api/rateplans responded 200 in 47.2983 ms
2026-04-11 15:37:00.796 +07:00 [INF] HTTP OPTIONS /api/bookings responded 204 in 0.2849 ms
2026-04-11 15:37:00.825 +07:00 [INF] POST /api/bookings — Guest: 2, RatePlan: 1, Rooms: [2]
2026-04-11 15:37:00.986 +07:00 [ERR] An exception occurred in the database while saving changes for context type 'HotelManagement.Data.HotelDbContext'.
System.InvalidOperationException: The configured execution strategy 'MySqlRetryingExecutionStrategy' does not support user-initiated transactions. Use the execution strategy returned by 'DbContext.Database.CreateExecutionStrategy()' to execute all the operations in the transaction as a retriable unit.
   at Microsoft.EntityFrameworkCore.Storage.ExecutionStrategy.OnFirstExecution()
   at Microsoft.EntityFrameworkCore.Storage.ExecutionStrategy.ExecuteAsync[TState,TResult](TState state, Func`4 operation, Func`4 verifySucceeded, CancellationToken cancellationToken)
   at Microsoft.EntityFrameworkCore.DbContext.SaveChangesAsync(Boolean acceptAllChangesOnSuccess, CancellationToken cancellationToken)
System.InvalidOperationException: The configured execution strategy 'MySqlRetryingExecutionStrategy' does not support user-initiated transactions. Use the execution strategy returned by 'DbContext.Database.CreateExecutionStrategy()' to execute all the operations in the transaction as a retriable unit.
   at Microsoft.EntityFrameworkCore.Storage.ExecutionStrategy.OnFirstExecution()
   at Microsoft.EntityFrameworkCore.Storage.ExecutionStrategy.ExecuteAsync[TState,TResult](TState state, Func`4 operation, Func`4 verifySucceeded, CancellationToken cancellationToken)
   at Microsoft.EntityFrameworkCore.DbContext.SaveChangesAsync(Boolean acceptAllChangesOnSuccess, CancellationToken cancellationToken)
2026-04-11 15:37:00.995 +07:00 [ERR] HTTP POST /api/bookings responded 500 in 195.9212 ms
HotelManagement.Exceptions.AppException: Lỗi khi tạo booking: InvalidOperationException - The configured execution strategy 'MySqlRetryingExecutionStrategy' does not support user-initiated transactions. Use the execution strategy returned by 'DbContext.Database.CreateExecutionStrategy()' to execute all the operations in the transaction as a retriable unit.
   at HotelManagement.Services.Implementations.BookingService.CreateBookingAsync(CreateBookingDto dto, Nullable`1 createdByUserId) in C:\Users\MSI\source\Do_An_2\Backend\Services\Implementations\BookingService.cs:line 282
   at HotelManagement.Controllers.BookingsController.Create(CreateBookingDto dto) in C:\Users\MSI\source\Do_An_2\Backend\Controllers\BookingsController.cs:line 169
   at Microsoft.AspNetCore.Mvc.Infrastructure.ActionMethodExecutor.TaskOfIActionResultExecutor.Execute(ActionContext actionContext, IActionResultTypeMapper mapper, ObjectMethodExecutor executor, Object controller, Object[] arguments)
   at Microsoft.AspNetCore.Mvc.Infrastructure.ControllerActionInvoker.<InvokeActionMethodAsync>g__Awaited|12_0(ControllerActionInvoker invoker, ValueTask`1 actionResultValueTask)
   at Microsoft.AspNetCore.Mvc.Infrastructure.ControllerActionInvoker.<InvokeNextActionFilterAsync>g__Awaited|10_0(ControllerActionInvoker invoker, Task lastTask, State next, Scope scope, Object state, Boolean isCompleted)
   at Microsoft.AspNetCore.Mvc.Infrastructure.ControllerActionInvoker.Rethrow(ActionExecutedContextSealed context)
   at Microsoft.AspNetCore.Mvc.Infrastructure.ControllerActionInvoker.Next(State& next, Scope& scope, Object& state, Boolean& isCompleted)
   at Microsoft.AspNetCore.Mvc.Infrastructure.ControllerActionInvoker.<InvokeInnerFilterAsync>g__Awaited|13_0(ControllerActionInvoker invoker, Task lastTask, State next, Scope scope, Object state, Boolean isCompleted)
   at Microsoft.AspNetCore.Mvc.Infrastructure.ResourceInvoker.<InvokeFilterPipelineAsync>g__Awaited|20_0(ResourceInvoker invoker, Task lastTask, State next, Scope scope, Object state, Boolean isCompleted)
   at Microsoft.AspNetCore.Mvc.Infrastructure.ResourceInvoker.<InvokeAsync>g__Awaited|17_0(ResourceInvoker invoker, Task task, IDisposable scope)
   at Microsoft.AspNetCore.Mvc.Infrastructure.ResourceInvoker.<InvokeAsync>g__Awaited|17_0(ResourceInvoker invoker, Task task, IDisposable scope)
   at Microsoft.AspNetCore.Authorization.AuthorizationMiddleware.Invoke(HttpContext context)
   at Microsoft.AspNetCore.Authentication.AuthenticationMiddleware.Invoke(HttpContext context)
   at Serilog.AspNetCore.RequestLoggingMiddleware.Invoke(HttpContext httpContext)
2026-04-11 15:37:01.009 +07:00 [WRN] AppException [400]: Lỗi khi tạo booking: InvalidOperationException - The configured execution strategy 'MySqlRetryingExecutionStrategy' does not support user-initiated transactions. Use the execution strategy returned by 'DbContext.Database.CreateExecutionStrategy()' to execute all the operations in the transaction as a retriable unit.
2026-04-11 15:39:08.569 +07:00 [WRN] The query uses the 'First'/'FirstOrDefault' operator without 'OrderBy' and filter operators. This may lead to unpredictable results.
2026-04-11 15:40:39.763 +07:00 [WRN] The query uses the 'First'/'FirstOrDefault' operator without 'OrderBy' and filter operators. This may lead to unpredictable results.
2026-04-11 15:40:56.812 +07:00 [WRN] Failed to determine the https port for redirect.
2026-04-11 15:40:56.819 +07:00 [INF] HTTP OPTIONS /api/auth/login responded 204 in 3.1323 ms
2026-04-11 15:40:57.056 +07:00 [INF] POST /api/auth/login — Email: Test12@example.com
2026-04-11 15:40:57.369 +07:00 [INF] User 'Test12' logged in.
2026-04-11 15:40:57.400 +07:00 [INF] HTTP POST /api/auth/login responded 200 in 569.6708 ms
2026-04-11 15:40:57.407 +07:00 [INF] HTTP OPTIONS /api/session/runtime-id responded 204 in 0.3023 ms
2026-04-11 15:40:57.453 +07:00 [INF] HTTP GET /api/session/runtime-id responded 200 in 42.3089 ms
2026-04-11 15:40:59.279 +07:00 [INF] HTTP OPTIONS /api/rooms responded 204 in 0.2762 ms
2026-04-11 15:40:59.478 +07:00 [INF] HTTP GET /api/rooms responded 200 in 191.4378 ms
2026-04-11 15:41:01.713 +07:00 [INF] HTTP OPTIONS /api/bookings/available-rooms responded 204 in 0.1635 ms
2026-04-11 15:41:01.779 +07:00 [INF] GET /api/bookings/available-rooms — CheckIn: "2026-04-12T00:00:00.0000000", CheckOut: "2026-04-13T00:00:00.0000000"
2026-04-11 15:41:01.831 +07:00 [INF] HTTP GET /api/bookings/available-rooms responded 200 in 112.8699 ms
2026-04-11 15:41:05.793 +07:00 [INF] HTTP OPTIONS /api/rateplans responded 204 in 0.0974 ms
2026-04-11 15:41:05.846 +07:00 [INF] HTTP GET /api/rateplans responded 200 in 49.3892 ms
2026-04-11 15:41:05.852 +07:00 [INF] HTTP OPTIONS /api/bookings responded 204 in 0.2847 ms
2026-04-11 15:41:05.882 +07:00 [INF] POST /api/bookings — Guest: 2, RatePlan: 1, Rooms: [2]
2026-04-11 15:41:06.118 +07:00 [WRN] Compiling a query which loads related collections for more than one collection navigation, either via 'Include' or through projection, but no 'QuerySplittingBehavior' has been configured. By default, Entity Framework will use 'QuerySplittingBehavior.SingleQuery', which can potentially result in slow query performance. See https://go.microsoft.com/fwlink/?linkid=2134277 for more information. To identify the query that's triggering this warning call 'ConfigureWarnings(w => w.Throw(RelationalEventId.MultipleCollectionIncludeWarning))'.
2026-04-11 15:41:06.171 +07:00 [INF] Booking #1 created successfully.
2026-04-11 15:41:06.181 +07:00 [INF] HTTP POST /api/bookings responded 201 in 325.3997 ms
2026-04-11 15:41:08.233 +07:00 [INF] HTTP OPTIONS /api/bookings/1 responded 204 in 0.1169 ms
2026-04-11 15:41:08.249 +07:00 [INF] HTTP GET /api/bookings/1 responded 403 in 7.0991 ms
2026-04-11 15:42:08.407 +07:00 [INF] HTTP OPTIONS /api/bookings/my-bookings responded 204 in 0.0834 ms
2026-04-11 15:42:08.432 +07:00 [INF] GET /api/bookings/my-bookings — UserId: 2
2026-04-11 15:42:08.498 +07:00 [INF] HTTP GET /api/bookings/my-bookings responded 200 in 85.8623 ms
2026-04-11 15:42:15.210 +07:00 [INF] HTTP OPTIONS /api/bookings/my-bookings responded 204 in 0.2724 ms
2026-04-11 15:42:15.224 +07:00 [INF] GET /api/bookings/my-bookings — UserId: 2
2026-04-11 15:42:15.232 +07:00 [INF] HTTP GET /api/bookings/my-bookings responded 200 in 17.2576 ms
2026-04-11 15:42:24.394 +07:00 [INF] HTTP OPTIONS /api/bookings/1 responded 204 in 0.0817 ms
2026-04-11 15:42:24.412 +07:00 [INF] DELETE /api/bookings/1
2026-04-11 15:42:24.430 +07:00 [ERR] An exception occurred in the database while saving changes for context type 'HotelManagement.Data.HotelDbContext'.
System.InvalidOperationException: The configured execution strategy 'MySqlRetryingExecutionStrategy' does not support user-initiated transactions. Use the execution strategy returned by 'DbContext.Database.CreateExecutionStrategy()' to execute all the operations in the transaction as a retriable unit.
   at Microsoft.EntityFrameworkCore.Storage.ExecutionStrategy.OnFirstExecution()
   at Microsoft.EntityFrameworkCore.Storage.ExecutionStrategy.ExecuteAsync[TState,TResult](TState state, Func`4 operation, Func`4 verifySucceeded, CancellationToken cancellationToken)
   at Microsoft.EntityFrameworkCore.DbContext.SaveChangesAsync(Boolean acceptAllChangesOnSuccess, CancellationToken cancellationToken)
System.InvalidOperationException: The configured execution strategy 'MySqlRetryingExecutionStrategy' does not support user-initiated transactions. Use the execution strategy returned by 'DbContext.Database.CreateExecutionStrategy()' to execute all the operations in the transaction as a retriable unit.
   at Microsoft.EntityFrameworkCore.Storage.ExecutionStrategy.OnFirstExecution()
   at Microsoft.EntityFrameworkCore.Storage.ExecutionStrategy.ExecuteAsync[TState,TResult](TState state, Func`4 operation, Func`4 verifySucceeded, CancellationToken cancellationToken)
   at Microsoft.EntityFrameworkCore.DbContext.SaveChangesAsync(Boolean acceptAllChangesOnSuccess, CancellationToken cancellationToken)
2026-04-11 15:42:24.436 +07:00 [ERR] HTTP DELETE /api/bookings/1 responded 500 in 38.7656 ms
System.InvalidOperationException: The configured execution strategy 'MySqlRetryingExecutionStrategy' does not support user-initiated transactions. Use the execution strategy returned by 'DbContext.Database.CreateExecutionStrategy()' to execute all the operations in the transaction as a retriable unit.
   at Microsoft.EntityFrameworkCore.Storage.ExecutionStrategy.OnFirstExecution()
   at Microsoft.EntityFrameworkCore.Storage.ExecutionStrategy.ExecuteAsync[TState,TResult](TState state, Func`4 operation, Func`4 verifySucceeded, CancellationToken cancellationToken)
   at Microsoft.EntityFrameworkCore.DbContext.SaveChangesAsync(Boolean acceptAllChangesOnSuccess, CancellationToken cancellationToken)
   at Microsoft.EntityFrameworkCore.DbContext.SaveChangesAsync(Boolean acceptAllChangesOnSuccess, CancellationToken cancellationToken)
   at HotelManagement.Services.Implementations.BookingService.CancelBookingAsync(CancelBookingDto dto) in C:\Users\MSI\source\Do_An_2\Backend\Services\Implementations\BookingService.cs:line 356
   at HotelManagement.Services.Implementations.BookingService.CancelBookingAsync(CancelBookingDto dto) in C:\Users\MSI\source\Do_An_2\Backend\Services\Implementations\BookingService.cs:line 362
   at HotelManagement.Controllers.BookingsController.Cancel(Int64 id, CancelBookingDto dto) in C:\Users\MSI\source\Do_An_2\Backend\Controllers\BookingsController.cs:line 278
   at Microsoft.AspNetCore.Mvc.Infrastructure.ActionMethodExecutor.TaskOfIActionResultExecutor.Execute(ActionContext actionContext, IActionResultTypeMapper mapper, ObjectMethodExecutor executor, Object controller, Object[] arguments)
   at Microsoft.AspNetCore.Mvc.Infrastructure.ControllerActionInvoker.<InvokeActionMethodAsync>g__Awaited|12_0(ControllerActionInvoker invoker, ValueTask`1 actionResultValueTask)
   at Microsoft.AspNetCore.Mvc.Infrastructure.ControllerActionInvoker.<InvokeNextActionFilterAsync>g__Awaited|10_0(ControllerActionInvoker invoker, Task lastTask, State next, Scope scope, Object state, Boolean isCompleted)
   at Microsoft.AspNetCore.Mvc.Infrastructure.ControllerActionInvoker.Rethrow(ActionExecutedContextSealed context)
   at Microsoft.AspNetCore.Mvc.Infrastructure.ControllerActionInvoker.Next(State& next, Scope& scope, Object& state, Boolean& isCompleted)
   at Microsoft.AspNetCore.Mvc.Infrastructure.ControllerActionInvoker.<InvokeInnerFilterAsync>g__Awaited|13_0(ControllerActionInvoker invoker, Task lastTask, State next, Scope scope, Object state, Boolean isCompleted)
   at Microsoft.AspNetCore.Mvc.Infrastructure.ResourceInvoker.<InvokeFilterPipelineAsync>g__Awaited|20_0(ResourceInvoker invoker, Task lastTask, State next, Scope scope, Object state, Boolean isCompleted)
   at Microsoft.AspNetCore.Mvc.Infrastructure.ResourceInvoker.<InvokeAsync>g__Awaited|17_0(ResourceInvoker invoker, Task task, IDisposable scope)
   at Microsoft.AspNetCore.Mvc.Infrastructure.ResourceInvoker.<InvokeAsync>g__Awaited|17_0(ResourceInvoker invoker, Task task, IDisposable scope)
   at Microsoft.AspNetCore.Authorization.AuthorizationMiddleware.Invoke(HttpContext context)
   at Microsoft.AspNetCore.Authentication.AuthenticationMiddleware.Invoke(HttpContext context)
   at Serilog.AspNetCore.RequestLoggingMiddleware.Invoke(HttpContext httpContext)
2026-04-11 15:42:24.453 +07:00 [ERR] Unhandled exception: The configured execution strategy 'MySqlRetryingExecutionStrategy' does not support user-initiated transactions. Use the execution strategy returned by 'DbContext.Database.CreateExecutionStrategy()' to execute all the operations in the transaction as a retriable unit.
System.InvalidOperationException: The configured execution strategy 'MySqlRetryingExecutionStrategy' does not support user-initiated transactions. Use the execution strategy returned by 'DbContext.Database.CreateExecutionStrategy()' to execute all the operations in the transaction as a retriable unit.
   at Microsoft.EntityFrameworkCore.Storage.ExecutionStrategy.OnFirstExecution()
   at Microsoft.EntityFrameworkCore.Storage.ExecutionStrategy.ExecuteAsync[TState,TResult](TState state, Func`4 operation, Func`4 verifySucceeded, CancellationToken cancellationToken)
   at Microsoft.EntityFrameworkCore.DbContext.SaveChangesAsync(Boolean acceptAllChangesOnSuccess, CancellationToken cancellationToken)
   at Microsoft.EntityFrameworkCore.DbContext.SaveChangesAsync(Boolean acceptAllChangesOnSuccess, CancellationToken cancellationToken)
   at HotelManagement.Services.Implementations.BookingService.CancelBookingAsync(CancelBookingDto dto) in C:\Users\MSI\source\Do_An_2\Backend\Services\Implementations\BookingService.cs:line 356
   at HotelManagement.Services.Implementations.BookingService.CancelBookingAsync(CancelBookingDto dto) in C:\Users\MSI\source\Do_An_2\Backend\Services\Implementations\BookingService.cs:line 362
   at HotelManagement.Controllers.BookingsController.Cancel(Int64 id, CancelBookingDto dto) in C:\Users\MSI\source\Do_An_2\Backend\Controllers\BookingsController.cs:line 278
   at Microsoft.AspNetCore.Mvc.Infrastructure.ActionMethodExecutor.TaskOfIActionResultExecutor.Execute(ActionContext actionContext, IActionResultTypeMapper mapper, ObjectMethodExecutor executor, Object controller, Object[] arguments)
   at Microsoft.AspNetCore.Mvc.Infrastructure.ControllerActionInvoker.<InvokeActionMethodAsync>g__Awaited|12_0(ControllerActionInvoker invoker, ValueTask`1 actionResultValueTask)
   at Microsoft.AspNetCore.Mvc.Infrastructure.ControllerActionInvoker.<InvokeNextActionFilterAsync>g__Awaited|10_0(ControllerActionInvoker invoker, Task lastTask, State next, Scope scope, Object state, Boolean isCompleted)
   at Microsoft.AspNetCore.Mvc.Infrastructure.ControllerActionInvoker.Rethrow(ActionExecutedContextSealed context)
   at Microsoft.AspNetCore.Mvc.Infrastructure.ControllerActionInvoker.Next(State& next, Scope& scope, Object& state, Boolean& isCompleted)
   at Microsoft.AspNetCore.Mvc.Infrastructure.ControllerActionInvoker.<InvokeInnerFilterAsync>g__Awaited|13_0(ControllerActionInvoker invoker, Task lastTask, State next, Scope scope, Object state, Boolean isCompleted)
   at Microsoft.AspNetCore.Mvc.Infrastructure.ResourceInvoker.<InvokeFilterPipelineAsync>g__Awaited|20_0(ResourceInvoker invoker, Task lastTask, State next, Scope scope, Object state, Boolean isCompleted)
   at Microsoft.AspNetCore.Mvc.Infrastructure.ResourceInvoker.<InvokeAsync>g__Awaited|17_0(ResourceInvoker invoker, Task task, IDisposable scope)
   at Microsoft.AspNetCore.Mvc.Infrastructure.ResourceInvoker.<InvokeAsync>g__Awaited|17_0(ResourceInvoker invoker, Task task, IDisposable scope)
   at Microsoft.AspNetCore.Authorization.AuthorizationMiddleware.Invoke(HttpContext context)
   at Microsoft.AspNetCore.Authentication.AuthenticationMiddleware.Invoke(HttpContext context)
   at Serilog.AspNetCore.RequestLoggingMiddleware.Invoke(HttpContext httpContext)
   at HotelManagement.Middleware.GlobalExceptionMiddleware.InvokeAsync(HttpContext context) in C:\Users\MSI\source\Do_An_2\Backend\Middleware\GlobalExceptionMiddleware.cs:line 26
2026-04-11 15:46:19.519 +07:00 [WRN] The query uses the 'First'/'FirstOrDefault' operator without 'OrderBy' and filter operators. This may lead to unpredictable results.
2026-04-11 15:47:36.019 +07:00 [WRN] The query uses the 'First'/'FirstOrDefault' operator without 'OrderBy' and filter operators. This may lead to unpredictable results.
2026-04-11 15:47:49.557 +07:00 [WRN] Failed to determine the https port for redirect.
2026-04-11 15:47:49.564 +07:00 [INF] HTTP OPTIONS /api/auth/login responded 204 in 2.4832 ms
2026-04-11 15:47:49.807 +07:00 [INF] POST /api/auth/login — Email: Test12@example.com
2026-04-11 15:47:50.153 +07:00 [INF] User 'Test12' logged in.
2026-04-11 15:47:50.184 +07:00 [INF] HTTP POST /api/auth/login responded 200 in 609.7463 ms
2026-04-11 15:47:50.192 +07:00 [INF] HTTP OPTIONS /api/session/runtime-id responded 204 in 0.4752 ms
2026-04-11 15:47:50.246 +07:00 [INF] HTTP GET /api/session/runtime-id responded 200 in 49.0350 ms
2026-04-11 15:47:53.287 +07:00 [INF] HTTP OPTIONS /api/bookings/my-bookings responded 204 in 0.2446 ms
2026-04-11 15:47:53.395 +07:00 [INF] GET /api/bookings/my-bookings — UserId: 2
2026-04-11 15:47:53.583 +07:00 [INF] HTTP GET /api/bookings/my-bookings responded 200 in 288.9919 ms
2026-04-11 15:48:01.473 +07:00 [INF] HTTP OPTIONS /api/bookings/1 responded 204 in 0.3470 ms
2026-04-11 15:48:01.494 +07:00 [INF] DELETE /api/bookings/1
2026-04-11 15:48:01.531 +07:00 [WRN] Compiling a query which loads related collections for more than one collection navigation, either via 'Include' or through projection, but no 'QuerySplittingBehavior' has been configured. By default, Entity Framework will use 'QuerySplittingBehavior.SingleQuery', which can potentially result in slow query performance. See https://go.microsoft.com/fwlink/?linkid=2134277 for more information. To identify the query that's triggering this warning call 'ConfigureWarnings(w => w.Throw(RelationalEventId.MultipleCollectionIncludeWarning))'.
2026-04-11 15:48:01.649 +07:00 [INF] Booking #1 đã bị hủy.
2026-04-11 15:48:01.651 +07:00 [INF] HTTP DELETE /api/bookings/1 responded 200 in 174.8330 ms
2026-04-11 15:48:01.660 +07:00 [INF] HTTP OPTIONS /api/bookings/my-bookings responded 204 in 0.0663 ms
2026-04-11 15:48:01.677 +07:00 [INF] GET /api/bookings/my-bookings — UserId: 2
2026-04-11 15:48:01.684 +07:00 [INF] HTTP GET /api/bookings/my-bookings responded 200 in 17.8398 ms
2026-04-11 15:48:10.054 +07:00 [INF] HTTP OPTIONS /api/rooms responded 204 in 0.1044 ms
2026-04-11 15:48:10.108 +07:00 [INF] HTTP GET /api/rooms responded 200 in 46.0279 ms
2026-04-11 15:48:16.818 +07:00 [INF] HTTP OPTIONS /api/bookings/available-rooms responded 204 in 0.0831 ms
2026-04-11 15:48:16.844 +07:00 [INF] GET /api/bookings/available-rooms — CheckIn: "2026-04-12T00:00:00.0000000", CheckOut: "2026-04-13T00:00:00.0000000"
2026-04-11 15:48:16.899 +07:00 [INF] HTTP GET /api/bookings/available-rooms responded 200 in 77.7095 ms
2026-04-11 15:48:23.325 +07:00 [INF] HTTP OPTIONS /api/rateplans responded 204 in 0.1140 ms
2026-04-11 15:48:23.357 +07:00 [INF] HTTP GET /api/rateplans responded 200 in 28.5489 ms
2026-04-11 15:48:23.368 +07:00 [INF] HTTP OPTIONS /api/bookings responded 204 in 0.1548 ms
2026-04-11 15:48:23.393 +07:00 [INF] POST /api/bookings — Guest: 2, RatePlan: 1, Rooms: [2]
2026-04-11 15:48:23.491 +07:00 [INF] Booking #2 created successfully.
2026-04-11 15:48:23.500 +07:00 [INF] HTTP POST /api/bookings responded 201 in 128.8460 ms
2026-04-11 15:48:25.554 +07:00 [INF] HTTP OPTIONS /api/bookings/2 responded 204 in 0.1151 ms
2026-04-11 15:48:25.582 +07:00 [INF] GET /api/bookings/2
2026-04-11 15:48:25.596 +07:00 [INF] HTTP GET /api/bookings/2 responded 200 in 30.2781 ms
2026-04-11 15:48:39.065 +07:00 [INF] HTTP OPTIONS /api/payments responded 204 in 0.0896 ms
2026-04-11 15:48:39.070 +07:00 [INF] HTTP POST /api/payments responded 403 in 1.9528 ms
2026-04-11 15:48:47.932 +07:00 [INF] HTTP OPTIONS /api/payments responded 204 in 0.2954 ms
2026-04-11 15:48:47.936 +07:00 [INF] HTTP POST /api/payments responded 403 in 0.5934 ms
2026-04-11 15:52:19.788 +07:00 [WRN] The query uses the 'First'/'FirstOrDefault' operator without 'OrderBy' and filter operators. This may lead to unpredictable results.
2026-04-11 15:53:13.922 +07:00 [WRN] The query uses the 'First'/'FirstOrDefault' operator without 'OrderBy' and filter operators. This may lead to unpredictable results.
2026-04-11 15:53:47.396 +07:00 [WRN] Failed to determine the https port for redirect.
2026-04-11 15:53:47.403 +07:00 [INF] HTTP OPTIONS /api/auth/login responded 204 in 2.6913 ms
2026-04-11 15:53:47.614 +07:00 [INF] POST /api/auth/login — Email: Test12@example.com
2026-04-11 15:53:47.965 +07:00 [INF] User 'Test12' logged in.
2026-04-11 15:53:47.996 +07:00 [INF] HTTP POST /api/auth/login responded 200 in 581.9931 ms
2026-04-11 15:53:48.003 +07:00 [INF] HTTP OPTIONS /api/session/runtime-id responded 204 in 0.3489 ms
2026-04-11 15:53:48.051 +07:00 [INF] HTTP GET /api/session/runtime-id responded 200 in 43.7473 ms
2026-04-11 15:53:54.546 +07:00 [INF] HTTP OPTIONS /api/bookings/my-bookings responded 204 in 0.1509 ms
2026-04-11 15:53:54.655 +07:00 [INF] GET /api/bookings/my-bookings — UserId: 2
2026-04-11 15:53:54.851 +07:00 [INF] HTTP GET /api/bookings/my-bookings responded 200 in 297.5216 ms
2026-04-11 15:54:02.993 +07:00 [INF] HTTP OPTIONS /api/bookings/2 responded 204 in 0.3273 ms
2026-04-11 15:54:03.013 +07:00 [INF] DELETE /api/bookings/2
2026-04-11 15:54:03.055 +07:00 [WRN] Compiling a query which loads related collections for more than one collection navigation, either via 'Include' or through projection, but no 'QuerySplittingBehavior' has been configured. By default, Entity Framework will use 'QuerySplittingBehavior.SingleQuery', which can potentially result in slow query performance. See https://go.microsoft.com/fwlink/?linkid=2134277 for more information. To identify the query that's triggering this warning call 'ConfigureWarnings(w => w.Throw(RelationalEventId.MultipleCollectionIncludeWarning))'.
2026-04-11 15:54:03.173 +07:00 [INF] Booking #2 đã bị hủy.
2026-04-11 15:54:03.175 +07:00 [INF] HTTP DELETE /api/bookings/2 responded 200 in 178.5049 ms
2026-04-11 15:54:03.183 +07:00 [INF] HTTP OPTIONS /api/bookings/my-bookings responded 204 in 0.0842 ms
2026-04-11 15:54:03.202 +07:00 [INF] GET /api/bookings/my-bookings — UserId: 2
2026-04-11 15:54:03.208 +07:00 [INF] HTTP GET /api/bookings/my-bookings responded 200 in 18.7261 ms
2026-04-11 15:54:09.260 +07:00 [INF] HTTP OPTIONS /api/rooms responded 204 in 0.1182 ms
2026-04-11 15:54:09.312 +07:00 [INF] HTTP GET /api/rooms responded 200 in 47.5943 ms
2026-04-11 15:54:34.400 +07:00 [INF] HTTP OPTIONS /api/bookings/available-rooms responded 204 in 0.1072 ms
2026-04-11 15:54:34.431 +07:00 [INF] GET /api/bookings/available-rooms — CheckIn: "2026-04-12T00:00:00.0000000", CheckOut: "2026-04-13T00:00:00.0000000"
2026-04-11 15:54:34.488 +07:00 [INF] HTTP GET /api/bookings/available-rooms responded 200 in 84.1691 ms
2026-04-11 15:54:40.916 +07:00 [INF] HTTP OPTIONS /api/rateplans responded 204 in 0.0812 ms
2026-04-11 15:54:40.951 +07:00 [INF] HTTP GET /api/rateplans responded 200 in 30.4799 ms
2026-04-11 15:54:40.957 +07:00 [INF] HTTP OPTIONS /api/bookings responded 204 in 0.1617 ms
2026-04-11 15:54:40.982 +07:00 [INF] POST /api/bookings — Guest: 2, RatePlan: 1, Rooms: [2]
2026-04-11 15:54:41.119 +07:00 [INF] Booking #3 created successfully.
2026-04-11 15:54:41.128 +07:00 [INF] HTTP POST /api/bookings responded 201 in 168.1382 ms
2026-04-11 15:54:43.180 +07:00 [INF] HTTP OPTIONS /api/bookings/3 responded 204 in 0.1243 ms
2026-04-11 15:54:43.211 +07:00 [INF] GET /api/bookings/3
2026-04-11 15:54:43.228 +07:00 [INF] HTTP GET /api/bookings/3 responded 200 in 34.9066 ms
2026-04-11 15:56:23.250 +07:00 [INF] HTTP OPTIONS /api/bookings/my-bookings responded 204 in 0.1824 ms
2026-04-11 15:56:23.263 +07:00 [INF] GET /api/bookings/my-bookings — UserId: 2
2026-04-11 15:56:23.267 +07:00 [INF] HTTP GET /api/bookings/my-bookings responded 200 in 12.7217 ms
2026-04-11 15:56:30.737 +07:00 [INF] HTTP OPTIONS /api/bookings/3 responded 204 in 0.0745 ms
2026-04-11 15:56:30.748 +07:00 [INF] DELETE /api/bookings/3
2026-04-11 15:56:30.762 +07:00 [INF] Booking #3 đã bị hủy.
2026-04-11 15:56:30.763 +07:00 [INF] HTTP DELETE /api/bookings/3 responded 200 in 22.4601 ms
2026-04-11 15:56:30.769 +07:00 [INF] HTTP OPTIONS /api/bookings/my-bookings responded 204 in 0.0572 ms
2026-04-11 15:56:30.781 +07:00 [INF] GET /api/bookings/my-bookings — UserId: 2
2026-04-11 15:56:30.784 +07:00 [INF] HTTP GET /api/bookings/my-bookings responded 200 in 9.6369 ms
2026-04-11 15:57:49.789 +07:00 [WRN] The query uses the 'First'/'FirstOrDefault' operator without 'OrderBy' and filter operators. This may lead to unpredictable results.
2026-04-11 16:00:16.431 +07:00 [WRN] The query uses the 'First'/'FirstOrDefault' operator without 'OrderBy' and filter operators. This may lead to unpredictable results.
2026-04-11 16:00:33.044 +07:00 [WRN] Failed to determine the https port for redirect.
2026-04-11 16:00:33.051 +07:00 [INF] HTTP OPTIONS /api/auth/login responded 204 in 2.5659 ms
2026-04-11 16:00:33.276 +07:00 [INF] POST /api/auth/login — Email: Test12@example.com
2026-04-11 16:00:33.606 +07:00 [INF] User 'Test12' logged in.
2026-04-11 16:00:33.637 +07:00 [INF] HTTP POST /api/auth/login responded 200 in 575.2096 ms
2026-04-11 16:00:33.643 +07:00 [INF] HTTP OPTIONS /api/session/runtime-id responded 204 in 0.4661 ms
2026-04-11 16:00:33.694 +07:00 [INF] HTTP GET /api/session/runtime-id responded 200 in 46.3985 ms
2026-04-11 16:00:35.605 +07:00 [INF] HTTP OPTIONS /api/bookings/my-bookings responded 204 in 0.1907 ms
2026-04-11 16:00:35.715 +07:00 [INF] GET /api/bookings/my-bookings — UserId: 2
2026-04-11 16:00:35.901 +07:00 [INF] HTTP GET /api/bookings/my-bookings responded 200 in 288.7296 ms
2026-04-11 16:00:40.836 +07:00 [INF] HTTP OPTIONS /api/rooms responded 204 in 0.1385 ms
2026-04-11 16:00:40.888 +07:00 [INF] HTTP GET /api/rooms responded 200 in 46.2640 ms
2026-04-11 16:00:44.828 +07:00 [INF] HTTP OPTIONS /api/bookings/available-rooms responded 204 in 0.1714 ms
2026-04-11 16:00:44.859 +07:00 [INF] GET /api/bookings/available-rooms — CheckIn: "2026-04-12T00:00:00.0000000", CheckOut: "2026-04-13T00:00:00.0000000"
2026-04-11 16:00:44.917 +07:00 [INF] HTTP GET /api/bookings/available-rooms responded 200 in 84.2300 ms
2026-04-11 16:00:49.530 +07:00 [INF] HTTP OPTIONS /api/rateplans responded 204 in 0.0846 ms
2026-04-11 16:00:49.562 +07:00 [INF] HTTP GET /api/rateplans responded 200 in 28.6236 ms
2026-04-11 16:00:49.569 +07:00 [INF] HTTP OPTIONS /api/bookings responded 204 in 0.3252 ms
2026-04-11 16:00:49.605 +07:00 [INF] POST /api/bookings — Guest: 2, RatePlan: 1, Rooms: [2]
2026-04-11 16:00:49.831 +07:00 [WRN] Compiling a query which loads related collections for more than one collection navigation, either via 'Include' or through projection, but no 'QuerySplittingBehavior' has been configured. By default, Entity Framework will use 'QuerySplittingBehavior.SingleQuery', which can potentially result in slow query performance. See https://go.microsoft.com/fwlink/?linkid=2134277 for more information. To identify the query that's triggering this warning call 'ConfigureWarnings(w => w.Throw(RelationalEventId.MultipleCollectionIncludeWarning))'.
2026-04-11 16:00:49.882 +07:00 [INF] Booking #4 created successfully.
2026-04-11 16:00:49.893 +07:00 [INF] HTTP POST /api/bookings responded 201 in 319.9805 ms
2026-04-11 16:00:51.937 +07:00 [INF] HTTP OPTIONS /api/bookings/4 responded 204 in 0.1221 ms
2026-04-11 16:00:51.961 +07:00 [INF] GET /api/bookings/4
2026-04-11 16:00:51.980 +07:00 [INF] HTTP GET /api/bookings/4 responded 200 in 36.5257 ms
2026-04-11 16:05:11.777 +07:00 [WRN] The query uses the 'First'/'FirstOrDefault' operator without 'OrderBy' and filter operators. This may lead to unpredictable results.
2026-04-11 16:05:46.658 +07:00 [WRN] Failed to determine the https port for redirect.
2026-04-11 16:05:46.680 +07:00 [INF] HTTP GET /api/health responded 404 in 17.2737 ms
2026-04-11 16:05:55.648 +07:00 [INF] HTTP GET /api/rateplans responded 200 in 270.0790 ms
2026-04-11 16:06:23.744 +07:00 [WRN] The query uses the 'First'/'FirstOrDefault' operator without 'OrderBy' and filter operators. This may lead to unpredictable results.
2026-04-11 16:06:46.275 +07:00 [WRN] Failed to determine the https port for redirect.
2026-04-11 16:06:46.282 +07:00 [INF] HTTP OPTIONS /api/auth/login responded 204 in 2.4653 ms
2026-04-11 16:06:46.510 +07:00 [INF] POST /api/auth/login — Email: Test12@example.com
2026-04-11 16:06:46.798 +07:00 [ERR] HTTP POST /api/auth/login responded 500 in 504.6383 ms
HotelManagement.Exceptions.AppException: Email hoặc mật khẩu không đúng.
   at HotelManagement.Services.Implementations.AuthService.LoginAsync(LoginRequestDto dto) in C:\Users\MSI\source\Do_An_2\Backend\Services\Implementations\AuthService.cs:line 87
   at HotelManagement.Controllers.AuthController.Login(LoginRequestDto dto) in C:\Users\MSI\source\Do_An_2\Backend\Controllers\AuthController.cs:line 35
   at Microsoft.AspNetCore.Mvc.Infrastructure.ActionMethodExecutor.TaskOfIActionResultExecutor.Execute(ActionContext actionContext, IActionResultTypeMapper mapper, ObjectMethodExecutor executor, Object controller, Object[] arguments)
   at Microsoft.AspNetCore.Mvc.Infrastructure.ControllerActionInvoker.<InvokeActionMethodAsync>g__Awaited|12_0(ControllerActionInvoker invoker, ValueTask`1 actionResultValueTask)
   at Microsoft.AspNetCore.Mvc.Infrastructure.ControllerActionInvoker.<InvokeNextActionFilterAsync>g__Awaited|10_0(ControllerActionInvoker invoker, Task lastTask, State next, Scope scope, Object state, Boolean isCompleted)
   at Microsoft.AspNetCore.Mvc.Infrastructure.ControllerActionInvoker.Rethrow(ActionExecutedContextSealed context)
   at Microsoft.AspNetCore.Mvc.Infrastructure.ControllerActionInvoker.Next(State& next, Scope& scope, Object& state, Boolean& isCompleted)
   at Microsoft.AspNetCore.Mvc.Infrastructure.ControllerActionInvoker.<InvokeInnerFilterAsync>g__Awaited|13_0(ControllerActionInvoker invoker, Task lastTask, State next, Scope scope, Object state, Boolean isCompleted)
   at Microsoft.AspNetCore.Mvc.Infrastructure.ResourceInvoker.<InvokeFilterPipelineAsync>g__Awaited|20_0(ResourceInvoker invoker, Task lastTask, State next, Scope scope, Object state, Boolean isCompleted)
   at Microsoft.AspNetCore.Mvc.Infrastructure.ResourceInvoker.<InvokeAsync>g__Awaited|17_0(ResourceInvoker invoker, Task task, IDisposable scope)
   at Microsoft.AspNetCore.Mvc.Infrastructure.ResourceInvoker.<InvokeAsync>g__Awaited|17_0(ResourceInvoker invoker, Task task, IDisposable scope)
   at Microsoft.AspNetCore.Authorization.AuthorizationMiddleware.Invoke(HttpContext context)
   at Microsoft.AspNetCore.Authentication.AuthenticationMiddleware.Invoke(HttpContext context)
   at Serilog.AspNetCore.RequestLoggingMiddleware.Invoke(HttpContext httpContext)
2026-04-11 16:06:46.814 +07:00 [WRN] AppException [401]: Email hoặc mật khẩu không đúng.
2026-04-11 16:06:52.427 +07:00 [INF] HTTP OPTIONS /api/auth/login responded 204 in 0.4662 ms
2026-04-11 16:06:52.440 +07:00 [INF] POST /api/auth/login — Email: Test12@example.com
2026-04-11 16:06:52.786 +07:00 [INF] User 'Test12' logged in.
2026-04-11 16:06:52.804 +07:00 [INF] HTTP POST /api/auth/login responded 200 in 373.9363 ms
2026-04-11 16:06:52.810 +07:00 [INF] HTTP OPTIONS /api/session/runtime-id responded 204 in 0.0704 ms
2026-04-11 16:06:52.858 +07:00 [INF] HTTP GET /api/session/runtime-id responded 200 in 43.1494 ms
2026-04-11 16:06:54.425 +07:00 [INF] HTTP OPTIONS /api/bookings/my-bookings responded 204 in 0.2304 ms
2026-04-11 16:06:54.490 +07:00 [INF] GET /api/bookings/my-bookings — UserId: 2
2026-04-11 16:06:54.686 +07:00 [INF] HTTP GET /api/bookings/my-bookings responded 200 in 253.9491 ms
2026-04-11 16:07:01.716 +07:00 [INF] HTTP OPTIONS /api/bookings/4 responded 204 in 0.3520 ms
2026-04-11 16:07:01.740 +07:00 [INF] DELETE /api/bookings/4
2026-04-11 16:07:01.780 +07:00 [WRN] Compiling a query which loads related collections for more than one collection navigation, either via 'Include' or through projection, but no 'QuerySplittingBehavior' has been configured. By default, Entity Framework will use 'QuerySplittingBehavior.SingleQuery', which can potentially result in slow query performance. See https://go.microsoft.com/fwlink/?linkid=2134277 for more information. To identify the query that's triggering this warning call 'ConfigureWarnings(w => w.Throw(RelationalEventId.MultipleCollectionIncludeWarning))'.
2026-04-11 16:07:01.940 +07:00 [INF] Booking #4 đã bị hủy.
2026-04-11 16:07:01.942 +07:00 [INF] HTTP DELETE /api/bookings/4 responded 200 in 219.7334 ms
2026-04-11 16:07:01.950 +07:00 [INF] HTTP OPTIONS /api/bookings/my-bookings responded 204 in 0.0665 ms
2026-04-11 16:07:01.970 +07:00 [INF] GET /api/bookings/my-bookings — UserId: 2
2026-04-11 16:07:01.975 +07:00 [INF] HTTP GET /api/bookings/my-bookings responded 200 in 18.4521 ms
2026-04-11 16:07:16.089 +07:00 [INF] HTTP OPTIONS /api/auth/login responded 204 in 0.1091 ms
2026-04-11 16:07:16.100 +07:00 [INF] POST /api/auth/login — Email: Test12@example.com
2026-04-11 16:07:16.362 +07:00 [INF] User 'Test12' logged in.
2026-04-11 16:07:16.363 +07:00 [INF] HTTP POST /api/auth/login responded 200 in 269.9945 ms
2026-04-11 16:07:16.368 +07:00 [INF] HTTP OPTIONS /api/session/runtime-id responded 204 in 0.0625 ms
2026-04-11 16:07:16.372 +07:00 [INF] HTTP GET /api/session/runtime-id responded 200 in 1.1649 ms
2026-04-11 16:07:17.663 +07:00 [INF] HTTP OPTIONS /api/rooms responded 204 in 0.3298 ms
2026-04-11 16:07:17.727 +07:00 [INF] HTTP GET /api/rooms responded 200 in 52.7824 ms
2026-04-11 16:07:20.283 +07:00 [INF] HTTP OPTIONS /api/bookings/available-rooms responded 204 in 0.2151 ms
2026-04-11 16:07:20.317 +07:00 [INF] GET /api/bookings/available-rooms — CheckIn: "2026-04-12T00:00:00.0000000", CheckOut: "2026-04-13T00:00:00.0000000"
2026-04-11 16:07:20.385 +07:00 [INF] HTTP GET /api/bookings/available-rooms responded 200 in 97.4017 ms
2026-04-11 16:07:25.263 +07:00 [INF] HTTP OPTIONS /api/rateplans responded 204 in 0.0851 ms
2026-04-11 16:07:25.297 +07:00 [INF] HTTP GET /api/rateplans responded 200 in 29.8919 ms
2026-04-11 16:07:25.304 +07:00 [INF] HTTP OPTIONS /api/bookings responded 204 in 0.0867 ms
2026-04-11 16:07:25.334 +07:00 [INF] POST /api/bookings — Guest: 2, RatePlan: 1, Rooms: [2]
2026-04-11 16:07:25.449 +07:00 [INF] Booking #5 created successfully.
2026-04-11 16:07:25.458 +07:00 [INF] HTTP POST /api/bookings responded 201 in 150.9897 ms
2026-04-11 16:07:27.508 +07:00 [INF] HTTP OPTIONS /api/bookings/5 responded 204 in 0.1137 ms
2026-04-11 16:07:27.530 +07:00 [INF] GET /api/bookings/5
2026-04-11 16:07:27.545 +07:00 [INF] HTTP GET /api/bookings/5 responded 200 in 30.2650 ms
2026-04-11 16:31:50.463 +07:00 [WRN] The query uses the 'First'/'FirstOrDefault' operator without 'OrderBy' and filter operators. This may lead to unpredictable results.
2026-04-11 16:32:10.841 +07:00 [WRN] Failed to determine the https port for redirect.
2026-04-11 16:32:11.127 +07:00 [INF] HTTP GET /api/rateplans responded 200 in 282.8662 ms
2026-04-11 16:33:36.577 +07:00 [WRN] The query uses the 'First'/'FirstOrDefault' operator without 'OrderBy' and filter operators. This may lead to unpredictable results.
2026-04-11 16:34:05.584 +07:00 [WRN] Failed to determine the https port for redirect.
2026-04-11 16:34:05.591 +07:00 [INF] HTTP OPTIONS /api/auth/login responded 204 in 2.5804 ms
2026-04-11 16:34:05.803 +07:00 [INF] POST /api/auth/login — Email: Test12@example.com
2026-04-11 16:34:06.126 +07:00 [INF] User 'Test12' logged in.
2026-04-11 16:34:06.157 +07:00 [INF] HTTP POST /api/auth/login responded 200 in 552.8646 ms
2026-04-11 16:34:06.164 +07:00 [INF] HTTP OPTIONS /api/session/runtime-id responded 204 in 0.4182 ms
2026-04-11 16:34:06.212 +07:00 [INF] HTTP GET /api/session/runtime-id responded 200 in 43.2045 ms
2026-04-11 16:34:08.805 +07:00 [INF] HTTP OPTIONS /api/bookings/my-bookings responded 204 in 0.1941 ms
2026-04-11 16:34:08.931 +07:00 [INF] GET /api/bookings/my-bookings — UserId: 2
2026-04-11 16:34:09.128 +07:00 [INF] HTTP GET /api/bookings/my-bookings responded 200 in 316.9366 ms
2026-04-11 16:34:15.930 +07:00 [INF] HTTP OPTIONS /api/bookings/5 responded 204 in 0.3047 ms
2026-04-11 16:34:15.952 +07:00 [INF] DELETE /api/bookings/5
2026-04-11 16:34:15.994 +07:00 [WRN] Compiling a query which loads related collections for more than one collection navigation, either via 'Include' or through projection, but no 'QuerySplittingBehavior' has been configured. By default, Entity Framework will use 'QuerySplittingBehavior.SingleQuery', which can potentially result in slow query performance. See https://go.microsoft.com/fwlink/?linkid=2134277 for more information. To identify the query that's triggering this warning call 'ConfigureWarnings(w => w.Throw(RelationalEventId.MultipleCollectionIncludeWarning))'.
2026-04-11 16:34:16.142 +07:00 [INF] Booking #5 đã bị hủy.
2026-04-11 16:34:16.144 +07:00 [INF] HTTP DELETE /api/bookings/5 responded 200 in 209.9793 ms
2026-04-11 16:34:16.153 +07:00 [INF] HTTP OPTIONS /api/bookings/my-bookings responded 204 in 0.0755 ms
2026-04-11 16:34:16.171 +07:00 [INF] GET /api/bookings/my-bookings — UserId: 2
2026-04-11 16:34:16.178 +07:00 [INF] HTTP GET /api/bookings/my-bookings responded 200 in 21.4276 ms
2026-04-11 16:34:22.568 +07:00 [INF] HTTP OPTIONS /api/rooms responded 204 in 0.1398 ms
2026-04-11 16:34:22.628 +07:00 [INF] HTTP GET /api/rooms responded 200 in 52.3509 ms
2026-04-11 16:34:24.671 +07:00 [INF] HTTP OPTIONS /api/bookings/available-rooms responded 204 in 0.0896 ms
2026-04-11 16:34:24.703 +07:00 [INF] GET /api/bookings/available-rooms — CheckIn: "2026-04-12T00:00:00.0000000", CheckOut: "2026-04-13T00:00:00.0000000"
2026-04-11 16:34:24.766 +07:00 [INF] HTTP GET /api/bookings/available-rooms responded 200 in 91.2907 ms
2026-04-11 16:34:29.756 +07:00 [INF] HTTP OPTIONS /api/rateplans responded 204 in 0.0844 ms
2026-04-11 16:34:29.795 +07:00 [INF] HTTP GET /api/rateplans responded 200 in 36.2278 ms
2026-04-11 16:34:29.802 +07:00 [INF] HTTP OPTIONS /api/bookings responded 204 in 0.1345 ms
2026-04-11 16:34:29.844 +07:00 [INF] POST /api/bookings — Guest: 2, RatePlan: 1, Rooms: [2]
2026-04-11 16:34:29.960 +07:00 [INF] Booking #6 created successfully.
2026-04-11 16:34:29.969 +07:00 [INF] HTTP POST /api/bookings responded 201 in 164.6030 ms
2026-04-11 16:34:32.032 +07:00 [INF] HTTP OPTIONS /api/bookings/6 responded 204 in 0.1126 ms
2026-04-11 16:34:32.059 +07:00 [INF] GET /api/bookings/6
2026-04-11 16:34:32.080 +07:00 [INF] HTTP GET /api/bookings/6 responded 200 in 37.9321 ms
2026-04-11 16:34:32.088 +07:00 [INF] HTTP OPTIONS /api/invoices/booking/6 responded 204 in 0.1040 ms
2026-04-11 16:34:32.116 +07:00 [WRN] Compiling a query which loads related collections for more than one collection navigation, either via 'Include' or through projection, but no 'QuerySplittingBehavior' has been configured. By default, Entity Framework will use 'QuerySplittingBehavior.SingleQuery', which can potentially result in slow query performance. See https://go.microsoft.com/fwlink/?linkid=2134277 for more information. To identify the query that's triggering this warning call 'ConfigureWarnings(w => w.Throw(RelationalEventId.MultipleCollectionIncludeWarning))'.
2026-04-11 16:34:32.163 +07:00 [INF] HTTP GET /api/invoices/booking/6 responded 200 in 71.7890 ms
2026-04-11 16:34:51.367 +07:00 [INF] HTTP OPTIONS /api/payments responded 204 in 0.0743 ms
2026-04-11 16:34:51.473 +07:00 [INF] HTTP POST /api/payments responded 201 in 103.1617 ms
2026-04-11 16:35:00.343 +07:00 [INF] HTTP OPTIONS /api/bookings/my-bookings responded 204 in 0.0629 ms
2026-04-11 16:35:00.359 +07:00 [INF] GET /api/bookings/my-bookings — UserId: 2
2026-04-11 16:35:00.364 +07:00 [INF] HTTP GET /api/bookings/my-bookings responded 200 in 15.2177 ms
