2026-04-04 00:02:36.731 +07:00 [WRN] Failed to determine the https port for redirect.
2026-04-04 00:02:36.767 +07:00 [INF] HTTP OPTIONS /api/rooms responded 204 in 2.8541 ms
2026-04-04 00:02:36.862 +07:00 [INF] HTTP GET /api/rooms responded 401 in 76.8366 ms
2026-04-04 00:02:36.868 +07:00 [INF] HTTP OPTIONS /api/auth/refresh responded 204 in 0.5672 ms
2026-04-04 00:02:36.888 +07:00 [ERR] HTTP POST /api/auth/refresh responded 500 in 15.9438 ms
System.InvalidOperationException: Unable to resolve service for type 'HotelManagement.Services.Interfaces.IAuthService' while attempting to activate 'HotelManagement.Controllers.AuthController'.
   at Microsoft.Extensions.DependencyInjection.ActivatorUtilities.ThrowHelperUnableToResolveService(Type type, Type requiredBy)
   at lambda_method23(Closure, IServiceProvider, Object[])
   at Microsoft.AspNetCore.Mvc.Controllers.ControllerFactoryProvider.<>c__DisplayClass6_0.<CreateControllerFactory>g__CreateController|0(ControllerContext controllerContext)
   at Microsoft.AspNetCore.Mvc.Infrastructure.ControllerActionInvoker.Next(State& next, Scope& scope, Object& state, Boolean& isCompleted)
   at Microsoft.AspNetCore.Mvc.Infrastructure.ControllerActionInvoker.InvokeInnerFilterAsync()
--- End of stack trace from previous location ---
   at Microsoft.AspNetCore.Mvc.Infrastructure.ResourceInvoker.<InvokeFilterPipelineAsync>g__Awaited|20_0(ResourceInvoker invoker, Task lastTask, State next, Scope scope, Object state, Boolean isCompleted)
   at Microsoft.AspNetCore.Mvc.Infrastructure.ResourceInvoker.<InvokeAsync>g__Awaited|17_0(ResourceInvoker invoker, Task task, IDisposable scope)
   at Microsoft.AspNetCore.Mvc.Infrastructure.ResourceInvoker.<InvokeAsync>g__Awaited|17_0(ResourceInvoker invoker, Task task, IDisposable scope)
   at Microsoft.AspNetCore.Authorization.AuthorizationMiddleware.Invoke(HttpContext context)
   at Microsoft.AspNetCore.Authentication.AuthenticationMiddleware.Invoke(HttpContext context)
   at Serilog.AspNetCore.RequestLoggingMiddleware.Invoke(HttpContext httpContext)
2026-04-04 00:02:36.900 +07:00 [ERR] Unhandled exception: Unable to resolve service for type 'HotelManagement.Services.Interfaces.IAuthService' while attempting to activate 'HotelManagement.Controllers.AuthController'.
System.InvalidOperationException: Unable to resolve service for type 'HotelManagement.Services.Interfaces.IAuthService' while attempting to activate 'HotelManagement.Controllers.AuthController'.
   at Microsoft.Extensions.DependencyInjection.ActivatorUtilities.ThrowHelperUnableToResolveService(Type type, Type requiredBy)
   at lambda_method23(Closure, IServiceProvider, Object[])
   at Microsoft.AspNetCore.Mvc.Controllers.ControllerFactoryProvider.<>c__DisplayClass6_0.<CreateControllerFactory>g__CreateController|0(ControllerContext controllerContext)
   at Microsoft.AspNetCore.Mvc.Infrastructure.ControllerActionInvoker.Next(State& next, Scope& scope, Object& state, Boolean& isCompleted)
   at Microsoft.AspNetCore.Mvc.Infrastructure.ControllerActionInvoker.InvokeInnerFilterAsync()
--- End of stack trace from previous location ---
   at Microsoft.AspNetCore.Mvc.Infrastructure.ResourceInvoker.<InvokeFilterPipelineAsync>g__Awaited|20_0(ResourceInvoker invoker, Task lastTask, State next, Scope scope, Object state, Boolean isCompleted)
   at Microsoft.AspNetCore.Mvc.Infrastructure.ResourceInvoker.<InvokeAsync>g__Awaited|17_0(ResourceInvoker invoker, Task task, IDisposable scope)
   at Microsoft.AspNetCore.Mvc.Infrastructure.ResourceInvoker.<InvokeAsync>g__Awaited|17_0(ResourceInvoker invoker, Task task, IDisposable scope)
   at Microsoft.AspNetCore.Authorization.AuthorizationMiddleware.Invoke(HttpContext context)
   at Microsoft.AspNetCore.Authentication.AuthenticationMiddleware.Invoke(HttpContext context)
   at Serilog.AspNetCore.RequestLoggingMiddleware.Invoke(HttpContext httpContext)
   at HotelManagement.Middleware.GlobalExceptionMiddleware.InvokeAsync(HttpContext context) in C:\Users\MSI\source\Do_An_2\Backend\Middleware\GlobalExceptionMiddleware.cs:line 26
2026-04-04 00:02:36.965 +07:00 [INF] HTTP OPTIONS /api/auth/logout responded 204 in 0.0778 ms
2026-04-04 00:02:36.977 +07:00 [INF] HTTP POST /api/auth/logout responded 401 in 2.2423 ms
